#
# There is insufficient memory for the Java Runtime Environment to continue.
# Native memory allocation (mmap) failed to map 65536 bytes for Failed to commit metaspace.
# Possible reasons:
#   The system is out of physical RAM or swap space
#   The process is running with CompressedOops enabled, and the Java Heap may be blocking the growth of the native heap
# Possible solutions:
#   Reduce memory load on the system
#   Increase physical memory or swap space
#   Check if swap backing store is full
#   Decrease Java heap size (-Xmx/-Xms)
#   Decrease number of Java threads
#   Decrease Java thread stack sizes (-Xss)
#   Set larger code cache with -XX:ReservedCodeCacheSize=
#   JVM is running with Zero Based Compressed Oops mode in which the Java heap is
#     placed in the first 32GB address space. The Java Heap base address is the
#     maximum limit for the native heap growth. Please use -XX:HeapBaseMinAddress
#     to set the Java Heap base and to place the Java Heap above 32GB virtual address.
# This output file may be truncated or incomplete.
#
#  Out of Memory Error (virtualSpaceNode.cpp:112), pid=17240, tid=15948
#
# JRE version: Java(TM) SE Runtime Environment (21.0.2+13) (build 21.0.2+13-LTS-58)
# Java VM: Java HotSpot(TM) 64-Bit Server VM (21.0.2+13-LTS-58, mixed mode, emulated-client, sharing, tiered, compressed oops, compressed class ptrs, g1 gc, windows-amd64)
# No core dump will be written. Minidumps are not enabled by default on client versions of Windows
#

---------------  S U M M A R Y ------------

Command Line: -XX:TieredStopAtLevel=1 -Dspring.output.ansi.enabled=always -Dcom.sun.management.jmxremote -Dspring.jmx.enabled=true -Dspring.liveBeansView.mbeanDomain -Dspring.application.admin.enabled=true -Dmanagement.endpoints.jmx.exposure.include=* -javaagent:D:\IntelliJ IDEA 2024.1.7\lib\idea_rt.jar=61769:D:\IntelliJ IDEA 2024.1.7\bin -Dfile.encoding=UTF-8 -Dsun.stdout.encoding=UTF-8 -Dsun.stderr.encoding=UTF-8 org.example.ecommerceproject.EcommerceProjectApplication

Host: Intel(R) Core(TM) i5-1035G1 CPU @ 1.00GHz, 8 cores, 15G,  Windows 10 , 64 bit Build 19041 (10.0.19041.546)
Time: Tue Feb 11 23:00:07 2025 SE Asia Standard Time elapsed time: 0.547729 seconds (0d 0h 0m 0s)

---------------  T H R E A D  ---------------

Current thread (0x00000281bac5f3f0):  JavaThread "main"             [_thread_in_vm, id=15948, stack(0x000000b13aa00000,0x000000b13ab00000) (1024K)]

Stack: [0x000000b13aa00000,0x000000b13ab00000]
Native frames: (J=compiled Java code, j=interpreted, Vv=VM code, C=native code)
V  [jvm.dll+0x6cade9]
V  [jvm.dll+0x8569c1]
V  [jvm.dll+0x858d2e]
V  [jvm.dll+0x859413]
V  [jvm.dll+0x280e56]
V  [jvm.dll+0x8526ee]
V  [jvm.dll+0x66e705]
V  [jvm.dll+0x1e68cc]
V  [jvm.dll+0x1e669e]
V  [jvm.dll+0x67104c]
V  [jvm.dll+0x670e62]
V  [jvm.dll+0x66f0de]
V  [jvm.dll+0x3be1bf]
V  [jvm.dll+0x20fbdb]
V  [jvm.dll+0x5ad406]
V  [jvm.dll+0x7cf74d]
V  [jvm.dll+0x4709da]
V  [jvm.dll+0x483de6]
C  [java.dll+0x1657]

Java frames: (J=compiled Java code, j=interpreted, Vv=VM code)
j  java.lang.ClassLoader.defineClass0(Ljava/lang/ClassLoader;Ljava/lang/Class;Ljava/lang/String;[BIILjava/security/ProtectionDomain;ZILjava/lang/Object;)Ljava/lang/Class;+0 java.base@21.0.2
j  java.lang.System$2.defineClass(Ljava/lang/ClassLoader;Ljava/lang/Class;Ljava/lang/String;[BLjava/security/ProtectionDomain;ZILjava/lang/Object;)Ljava/lang/Class;+17 java.base@21.0.2
j  java.lang.invoke.MethodHandles$Lookup$ClassDefiner.defineClass(ZLjava/lang/Object;)Ljava/lang/Class;+57 java.base@21.0.2
j  java.lang.invoke.InvokerBytecodeGenerator.loadMethod([B)Ljava/lang/invoke/MemberName;+22 java.base@21.0.2
j  java.lang.invoke.InvokerBytecodeGenerator.generateCustomizedCode(Ljava/lang/invoke/LambdaForm;Ljava/lang/invoke/MethodType;)Ljava/lang/invoke/MemberName;+30 java.base@21.0.2
j  java.lang.invoke.LambdaForm.compileToBytecode()V+69 java.base@21.0.2
j  java.lang.invoke.DirectMethodHandle.makePreparedLambdaForm(Ljava/lang/invoke/MethodType;I)Ljava/lang/invoke/LambdaForm;+750 java.base@21.0.2
J 942 c1 java.lang.invoke.DirectMethodHandle.preparedLambdaForm(Ljava/lang/invoke/MemberName;Z)Ljava/lang/invoke/LambdaForm; java.base@21.0.2 (244 bytes) @ 0x00000281c4d1ef2c [0x00000281c4d1ed80+0x00000000000001ac]
J 945 c1 java.lang.invoke.DirectMethodHandle.preparedLambdaForm(Ljava/lang/invoke/MemberName;)Ljava/lang/invoke/LambdaForm; java.base@21.0.2 (6 bytes) @ 0x00000281c4d1fdec [0x00000281c4d1fdc0+0x000000000000002c]
j  java.lang.invoke.DirectMethodHandle.make(BLjava/lang/Class;Ljava/lang/invoke/MemberName;Ljava/lang/Class;)Ljava/lang/invoke/DirectMethodHandle;+163 java.base@21.0.2
j  java.lang.invoke.MethodHandles$Lookup.getDirectMethodCommon(BLjava/lang/Class;Ljava/lang/invoke/MemberName;ZZLjava/lang/invoke/MethodHandles$Lookup;)Ljava/lang/invoke/MethodHandle;+220 java.base@21.0.2
j  java.lang.invoke.MethodHandles$Lookup.getDirectMethodNoSecurityManager(BLjava/lang/Class;Ljava/lang/invoke/MemberName;Ljava/lang/invoke/MethodHandles$Lookup;)Ljava/lang/invoke/MethodHandle;+14 java.base@21.0.2
j  java.lang.invoke.MethodHandles$Lookup.getDirectMethodForConstant(BLjava/lang/Class;Ljava/lang/invoke/MemberName;)Ljava/lang/invoke/MethodHandle;+31 java.base@21.0.2
j  java.lang.invoke.MethodHandles$Lookup.linkMethodHandleConstant(BLjava/lang/Class;Ljava/lang/String;Ljava/lang/Object;)Ljava/lang/invoke/MethodHandle;+153 java.base@21.0.2
j  java.lang.invoke.MethodHandleNatives.linkMethodHandleConstant(Ljava/lang/Class;ILjava/lang/Class;Ljava/lang/String;Ljava/lang/Object;)Ljava/lang/invoke/MethodHandle;+38 java.base@21.0.2
v  ~StubRoutines::call_stub 0x00000281c48e10e7
j  sun.security.provider.AbstractDrbg$SeederHolder.<clinit>()V+42 java.base@21.0.2
v  ~StubRoutines::call_stub 0x00000281c48e10e7
j  sun.security.provider.AbstractDrbg.getEntropyInput(IIIZ)[B+87 java.base@21.0.2
j  sun.security.provider.AbstractDrbg.getEntropyInput(Z)[B+14 java.base@21.0.2
j  sun.security.provider.AbstractDrbg.instantiateIfNecessary([B)V+16 java.base@21.0.2
j  sun.security.provider.AbstractDrbg.engineNextBytes([BLjava/security/SecureRandomParameters;)V+157 java.base@21.0.2
j  sun.security.provider.AbstractDrbg.engineNextBytes([B)V+11 java.base@21.0.2
j  sun.security.provider.DRBG.engineNextBytes([B)V+5 java.base@21.0.2
j  java.security.SecureRandom.nextBytes([B)V+17 java.base@21.0.2
j  java.security.SecureRandom.next(I)I+17 java.base@21.0.2
j  java.util.Random.nextInt()I+3 java.base@21.0.2
j  java.rmi.server.UID.<init>()V+23 java.rmi@21.0.2
j  java.rmi.server.ObjID.<clinit>()V+14 java.rmi@21.0.2
v  ~StubRoutines::call_stub 0x00000281c48e10e7
j  sun.rmi.transport.LiveRef.<init>(ILjava/rmi/server/RMIClientSocketFactory;Ljava/rmi/server/RMIServerSocketFactory;)V+1 java.rmi@21.0.2
j  sun.rmi.server.UnicastServerRef2.<init>(ILjava/rmi/server/RMIClientSocketFactory;Ljava/rmi/server/RMIServerSocketFactory;Ljava/io/ObjectInputFilter;)V+8 java.rmi@21.0.2
j  sun.management.jmxremote.ConnectorBootstrap$PermanentExporter.exportObject(Ljava/rmi/Remote;ILjava/rmi/server/RMIClientSocketFactory;Ljava/rmi/server/RMIServerSocketFactory;Ljava/io/ObjectInputFilter;)Ljava/rmi/Remote;+72 jdk.management.agent@21.0.2
j  javax.management.remote.rmi.RMIJRMPServerImpl.export(Ljava/rmi/Remote;Ljava/io/ObjectInputFilter;)V+62 java.management.rmi@21.0.2
j  javax.management.remote.rmi.RMIJRMPServerImpl.export()V+6 java.management.rmi@21.0.2
j  javax.management.remote.rmi.RMIConnectorServer.start()V+246 java.management.rmi@21.0.2
j  sun.management.jmxremote.ConnectorBootstrap.startLocalConnectorServer()Ljavax/management/remote/JMXConnectorServer;+290 jdk.management.agent@21.0.2
j  jdk.internal.agent.Agent.startLocalManagementAgent()V+13 jdk.management.agent@21.0.2
j  jdk.internal.agent.Agent.startAgent(Ljava/util/Properties;)V+58 jdk.management.agent@21.0.2
j  jdk.internal.agent.Agent.startAgent()V+20 jdk.management.agent@21.0.2
v  ~StubRoutines::call_stub 0x00000281c48e10e7

Compiled method (c1)     558  942       1       java.lang.invoke.DirectMethodHandle::preparedLambdaForm (244 bytes)
 total in heap  [0x00000281c4d1eb10,0x00000281c4d1f7b0] = 3232
 relocation     [0x00000281c4d1ec70,0x00000281c4d1ed68] = 248
 main code      [0x00000281c4d1ed80,0x00000281c4d1f260] = 1248
 stub code      [0x00000281c4d1f260,0x00000281c4d1f330] = 208
 metadata       [0x00000281c4d1f330,0x00000281c4d1f378] = 72
 scopes data    [0x00000281c4d1f378,0x00000281c4d1f518] = 416
 scopes pcs     [0x00000281c4d1f518,0x00000281c4d1f728] = 528
 dependencies   [0x00000281c4d1f728,0x00000281c4d1f738] = 16
 nul chk table  [0x00000281c4d1f738,0x00000281c4d1f7b0] = 120

[Constant Pool (empty)]

[MachCode]
[Verified Entry Point]
  # {method} {0x00000281d00a3770} 'preparedLambdaForm' '(Ljava/lang/invoke/MemberName;Z)Ljava/lang/invoke/LambdaForm;' in 'java/lang/invoke/DirectMethodHandle'
  # parm0:    rdx:rdx   = 'java/lang/invoke/MemberName'
  # parm1:    r8        = boolean
  #           [sp+0xc0]  (sp of caller)
  0x00000281c4d1ed80: 8984 2400 | 80ff ff55 | 4881 ecb0 | 0000 0090 | 4181 7f20 | 0100 0000 

  0x00000281c4d1ed98: ;   {runtime_call StubRoutines (final stubs)}
  0x00000281c4d1ed98: 7405 e861 | 74bf ff48 | 8954 2470 | 4489 4424 | 7848 3b02 | 488b f248 | 8bd6 0f1f 

  0x00000281c4d1edb4: ;   {optimized virtual_call}
  0x00000281c4d1edb4: 4400 00e8 

  0x00000281c4d1edb8: ; ImmutableOopMap {[112]=Oop }
                      ;*invokevirtual getInvocationType {reexecute=0 rethrow=0 return_oop=0}
                      ; - java.lang.invoke.DirectMethodHandle::preparedLambdaForm@23 (line 193)
  0x00000281c4d1edb8: e4be e5ff 

  0x00000281c4d1edbc: ;   {other}
  0x00000281c4d1edbc: 0f1f 8400 | ac02 0000 

  0x00000281c4d1edc4: ; implicit exception: dispatches to 0x00000281c4d1f19e
  0x00000281c4d1edc4: 8b50 1448 | c1e2 038b | 7214 48c1 | e603 4889 | b424 8000 | 0000 488b | 5424 708b | 7a0c c1ef 
  0x00000281c4d1ede4: 1883 e70f | c1e7 18c1 | ff18 83ff | 050f 844c | 0000 0083 | ff06 0f84 | 3900 0000 | 83ff 070f 
  0x00000281c4d1ee04: 8426 0000 | 0083 ff08 | 0f84 1300 | 0000 83ff | 090f 85e2 | 0200 00bf | 0400 0000 | e923 0000 
  0x00000281c4d1ee24: 00bf 0300 | 0000 e919 | 0000 00bf | 0200 0000 | e90f 0000 | 00bf 0100 | 0000 e905 | 0000 00bf 
  0x00000281c4d1ee44: 0000 0000 | 83ff 010f | 8513 0100 | 0089 7c24 | 7c48 8bda | 488b d30f 

  0x00000281c4d1ee5c: ;   {static_call}
  0x00000281c4d1ee5c: 1f40 00e8 

  0x00000281c4d1ee60: ; ImmutableOopMap {[112]=Oop [128]=Oop }
                      ;*invokestatic shouldBeInitialized {reexecute=0 rethrow=0 return_oop=0}
                      ; - java.lang.invoke.DirectMethodHandle::preparedLambdaForm@131 (line 208)
  0x00000281c4d1ee60: 3f04 0000 

  0x00000281c4d1ee64: ;   {other}
  0x00000281c4d1ee64: 0f1f 8400 | 5403 0001 | 85c0 8b7c | 247c 0f84 | ec00 0000 | 488b b424 | 8000 0000 

  0x00000281c4d1ee80: ; implicit exception: dispatches to 0x00000281c4d1f1a8
  0x00000281c4d1ee80: 8b56 1448 | c1e2 038b | 521c 48c1 | e203 8b5a | 0c3b df0f | 861e 0300 | 0048 63df | 8b54 9a10 
  0x00000281c4d1eea0: 48c1 e203 | 4885 d289 | 7c24 7c0f | 844d 0000 | 0048 3b02 

  0x00000281c4d1eeb4: ;   {optimized virtual_call}
  0x00000281c4d1eeb4: 6666 90e8 

  0x00000281c4d1eeb8: ; ImmutableOopMap {[112]=Oop [128]=Oop }
                      ;*invokevirtual get {reexecute=0 rethrow=0 return_oop=0}
                      ; - java.lang.invoke.MethodTypeForm::cachedLambdaForm@12 (line 132)
                      ; - java.lang.invoke.DirectMethodHandle::preparedLambdaForm@5 (line 229)
                      ; - java.lang.invoke.DirectMethodHandle::preparedLambdaForm@139 (line 210)
  0x00000281c4d1eeb8: 040b e6ff 

  0x00000281c4d1eebc: ;   {other}
  0x00000281c4d1eebc: 0f1f 8400 | ac03 0002 | 4885 c00f | 8429 0000 

  0x00000281c4d1eecc: ;   {metadata('java/lang/invoke/LambdaForm')}
  0x00000281c4d1eecc: 0048 bf20 | 0e09 d081 | 0200 0044 | 8b40 0849 | ba00 0000 | d081 0200 | 004d 03c2 | 493b f80f 
  0x00000281c4d1eeec: 85d9 0200 | 00e9 0000 | 0000 488b | d0e9 0a00 

  0x00000281c4d1eefc: ;   {oop(nullptr)}
  0x00000281c4d1eefc: 0000 48ba | 0000 0000 | 0000 0000 | 4885 d20f | 854e 0000 | 008b 7c24 | 7c48 8bb4 | 2480 0000 
  0x00000281c4d1ef1c: 0048 8bd6 | 4c8b c789 

  0x00000281c4d1ef24: ;   {static_call}
  0x00000281c4d1ef24: 7c24 7ce8 

  0x00000281c4d1ef28: ; ImmutableOopMap {[112]=Oop [128]=Oop }
                      ;*invokestatic makePreparedLambdaForm {reexecute=0 rethrow=0 return_oop=0}
                      ; - java.lang.invoke.DirectMethodHandle::preparedLambdaForm@17 (line 231)
                      ; - java.lang.invoke.DirectMethodHandle::preparedLambdaForm@139 (line 210)
  0x00000281c4d1ef28: 8603 0000 

  0x00000281c4d1ef2c: ;   {other}
  0x00000281c4d1ef2c: 0f1f 8400 | 1c04 0003 | 488b b424 | 8000 0000 | 8b56 1448 | c1e2 0348 | 3b02 448b | 4424 7c4c 
  0x00000281c4d1ef4c: ;   {optimized virtual_call}
  0x00000281c4d1ef4c: 8bc8 90e8 

  0x00000281c4d1ef50: ; ImmutableOopMap {[112]=Oop [128]=Oop }
                      ;*invokevirtual setCachedLambdaForm {reexecute=0 rethrow=0 return_oop=0}
                      ; - java.lang.invoke.DirectMethodHandle::preparedLambdaForm@27 (line 232)
                      ; - java.lang.invoke.DirectMethodHandle::preparedLambdaForm@139 (line 210)
  0x00000281c4d1ef50: 6d03 0000 

  0x00000281c4d1ef54: ;   {other}
  0x00000281c4d1ef54: 0f1f 8400 | 4404 0004 | 488b d0bf | 0500 0000 | 83ff 020f | 8513 0000 | 0044 8b44 | 2478 4585 
  0x00000281c4d1ef74: c00f 8405 | 0000 00bf | 1400 0000 | 488b b424 | 8000 0000 

  0x00000281c4d1ef88: ; implicit exception: dispatches to 0x00000281c4d1f1d8
  0x00000281c4d1ef88: 8b56 1448 | c1e2 038b | 521c 48c1 | e203 8b5a | 0c3b df0f | 8646 0200 | 0048 63df | 8b54 9a10 
  0x00000281c4d1efa8: 48c1 e203 | 4885 d289 | bc24 8800 | 0000 0f84 | 4a00 0000 

  0x00000281c4d1efbc: ; implicit exception: dispatches to 0x00000281c4d1f1f5
                      ;   {optimized virtual_call}
  0x00000281c4d1efbc: 483b 02e8 

  0x00000281c4d1efc0: ; ImmutableOopMap {[112]=Oop [128]=Oop }
                      ;*invokevirtual get {reexecute=0 rethrow=0 return_oop=0}
                      ; - java.lang.invoke.MethodTypeForm::cachedLambdaForm@12 (line 132)
                      ; - java.lang.invoke.DirectMethodHandle::preparedLambdaForm@5 (line 229)
                      ; - java.lang.invoke.DirectMethodHandle::preparedLambdaForm@159 (line 216)
  0x00000281c4d1efc0: fc09 e6ff 

  0x00000281c4d1efc4: ;   {other}
  0x00000281c4d1efc4: 0f1f 8400 | b404 0005 | 4885 c00f | 8429 0000 

  0x00000281c4d1efd4: ;   {metadata('java/lang/invoke/LambdaForm')}
  0x00000281c4d1efd4: 0048 bf20 | 0e09 d081 | 0200 0044 | 8b40 0849 | ba00 0000 | d081 0200 | 004d 03c2 | 493b f80f 
  0x00000281c4d1eff4: 8501 0200 | 00e9 0000 | 0000 488b | d0e9 0a00 

  0x00000281c4d1f004: ;   {oop(nullptr)}
  0x00000281c4d1f004: 0000 48ba | 0000 0000 | 0000 0000 | 4885 d20f | 855e 0000 | 008b bc24 | 8800 0000 | 488b b424 
  0x00000281c4d1f024: 8000 0000 | 488b d64c | 8bc7 89bc | 2488 0000 

  0x00000281c4d1f034: ;   {static_call}
  0x00000281c4d1f034: 0066 90e8 

  0x00000281c4d1f038: ; ImmutableOopMap {[112]=Oop [128]=Oop }
                      ;*invokestatic makePreparedLambdaForm {reexecute=0 rethrow=0 return_oop=0}
                      ; - java.lang.invoke.DirectMethodHandle::preparedLambdaForm@17 (line 231)
                      ; - java.lang.invoke.DirectMethodHandle::preparedLambdaForm@159 (line 216)
  0x00000281c4d1f038: 7602 0000 

  0x00000281c4d1f03c: ;   {other}
  0x00000281c4d1f03c: 0f1f 8400 | 2c05 0006 | 488b b424 | 8000 0000 | 8b56 1448 | c1e2 0348 | 3b02 448b | 8424 8800 
  0x00000281c4d1f05c: 0000 4c8b | c866 0f1f 

  0x00000281c4d1f064: ;   {optimized virtual_call}
  0x00000281c4d1f064: 4400 00e8 

  0x00000281c4d1f068: ; ImmutableOopMap {[112]=Oop }
                      ;*invokevirtual setCachedLambdaForm {reexecute=0 rethrow=0 return_oop=0}
                      ; - java.lang.invoke.DirectMethodHandle::preparedLambdaForm@27 (line 232)
                      ; - java.lang.invoke.DirectMethodHandle::preparedLambdaForm@159 (line 216)
  0x00000281c4d1f068: 5502 0000 

  0x00000281c4d1f06c: ;   {other}
  0x00000281c4d1f06c: 0f1f 8400 | 5c05 0007 | 488b d044 | 8b42 2849 | c1e0 034d | 85c0 0f85 | 5c00 0000 | 4889 9424 
  0x00000281c4d1f08c: 9000 0000 | 488b 5424 | 7044 8b42 | 1849 c1e0 | 0349 8bd0 

  0x00000281c4d1f0a0: ;   {oop(a 'java/lang/Class'{0x00000007136045f0} = 'java/lang/invoke/MethodHandle')}
  0x00000281c4d1f0a0: 49b8 f045 | 6013 0700 | 0000 0f1f 

  0x00000281c4d1f0ac: ;   {static_call}
  0x00000281c4d1f0ac: 4400 00e8 

  0x00000281c4d1f0b0: ; ImmutableOopMap {[112]=Oop [144]=Oop }
                      ;*invokestatic isSamePackage {reexecute=0 rethrow=0 return_oop=0}
                      ; - java.lang.invoke.DirectMethodHandle::maybeCompile@13 (line 318)
                      ; - java.lang.invoke.DirectMethodHandle::preparedLambdaForm@167 (line 217)
  0x00000281c4d1f0b0: cc07 c1ff 

  0x00000281c4d1f0b4: ;   {other}
  0x00000281c4d1f0b4: 0f1f 8400 | a405 0008 | 85c0 488b | 9424 9000 | 0000 0f84 | 1800 0000 

  0x00000281c4d1f0cc: ;   {optimized virtual_call}
  0x00000281c4d1f0cc: 6666 90e8 

  0x00000281c4d1f0d0: ; ImmutableOopMap {[112]=Oop [144]=Oop }
                      ;*invokevirtual compileToBytecode {reexecute=0 rethrow=0 return_oop=0}
                      ; - java.lang.invoke.DirectMethodHandle::maybeCompile@20 (line 320)
                      ; - java.lang.invoke.DirectMethodHandle::preparedLambdaForm@167 (line 217)
  0x00000281c4d1f0d0: acfd c0ff 

  0x00000281c4d1f0d4: ;   {other}
  0x00000281c4d1f0d4: 0f1f 8400 | c405 0009 | 488b 9424 | 9000 0000 | 488b c248 | 81c4 b000 

  0x00000281c4d1f0ec: ;   {poll_return}
  0x00000281c4d1f0ec: 0000 5d49 | 3ba7 5004 | 0000 0f87 | 1101 0000 | c348 8bda 

  0x00000281c4d1f100: ;   {metadata('java/lang/InternalError')}
  0x00000281c4d1f100: 48ba 5007 | 01d0 8102 | 0000 498b | 87b8 0100 | 0048 8d78 | 2849 3bbf | c801 0000 | 0f87 0101 
  0x00000281c4d1f120: 0000 4989 | bfb8 0100 | 0048 c700 | 0100 0000 | 488b ca49 | ba00 0000 | d081 0200 | 0049 2bca 
  0x00000281c4d1f140: 8948 0848 | 33c9 8948 | 0c48 33c9 | 4889 4810 | 4889 4818 | 4889 4820 | 488b d348 | 8984 2498 
  0x00000281c4d1f160: 0000 000f 

  0x00000281c4d1f164: ;   {optimized virtual_call}
  0x00000281c4d1f164: 1f40 00e8 

  0x00000281c4d1f168: ; ImmutableOopMap {[152]=Oop }
                      ;*invokevirtual toString {reexecute=0 rethrow=0 return_oop=0}
                      ; - java.lang.invoke.DirectMethodHandle::preparedLambdaForm@117 (line 206)
  0x00000281c4d1f168: 14fd c0ff 

  0x00000281c4d1f16c: ;   {other}
  0x00000281c4d1f16c: 0f1f 8400 | 5c06 000a | 4c8b c048 | 8b94 2498 

  0x00000281c4d1f17c: ;   {optimized virtual_call}
  0x00000281c4d1f17c: 0000 00e8 

  0x00000281c4d1f180: ; ImmutableOopMap {[152]=Oop }
                      ;*invokespecial <init> {reexecute=0 rethrow=0 return_oop=0}
                      ; - java.lang.invoke.DirectMethodHandle::preparedLambdaForm@120 (line 206)
  0x00000281c4d1f180: fcfc c0ff 

  0x00000281c4d1f184: ;   {other}
  0x00000281c4d1f184: 0f1f 8400 | 7406 000b | 488b 8424 | 9800 0000 | e9b4 0000 

  0x00000281c4d1f198: ;   {runtime_call throw_null_pointer_exception Runtime1 stub}
  0x00000281c4d1f198: 00e8 8216 

  0x00000281c4d1f19c: ; ImmutableOopMap {rdx=Oop [112]=Oop }
                      ;*invokevirtual getInvocationType {reexecute=0 rethrow=0 return_oop=0}
                      ; - java.lang.invoke.DirectMethodHandle::preparedLambdaForm@23 (line 193)
                      ;   {runtime_call throw_null_pointer_exception Runtime1 stub}
  0x00000281c4d1f19c: cdff e87d 

  0x00000281c4d1f1a0: ; ImmutableOopMap {[112]=Oop }
                      ;*invokevirtual basicType {reexecute=0 rethrow=0 return_oop=0}
                      ; - java.lang.invoke.DirectMethodHandle::preparedLambdaForm@26 (line 193)
                      ;   {runtime_call throw_null_pointer_exception Runtime1 stub}
  0x00000281c4d1f1a0: 16cd ffe8 

  0x00000281c4d1f1a4: ; ImmutableOopMap {[112]=Oop }
                      ;*invokevirtual basicType {reexecute=0 rethrow=0 return_oop=0}
                      ; - java.lang.invoke.MethodType::basicType@4 (line 736)
                      ; - java.lang.invoke.DirectMethodHandle::preparedLambdaForm@26 (line 193)
  0x00000281c4d1f1a4: 7816 cdff 

  0x00000281c4d1f1a8: ;   {runtime_call throw_null_pointer_exception Runtime1 stub}
  0x00000281c4d1f1a8: e873 16cd 

  0x00000281c4d1f1ac: ; ImmutableOopMap {rsi=Oop [112]=Oop [128]=Oop }
                      ;*invokevirtual form {reexecute=0 rethrow=0 return_oop=0}
                      ; - java.lang.invoke.DirectMethodHandle::preparedLambdaForm@1 (line 229)
                      ; - java.lang.invoke.DirectMethodHandle::preparedLambdaForm@139 (line 210)
                      ;   {runtime_call throw_null_pointer_exception Runtime1 stub}
  0x00000281c4d1f1ac: ffe8 6e16 

  0x00000281c4d1f1b0: ; ImmutableOopMap {rsi=Oop [112]=Oop [128]=Oop }
                      ;*invokevirtual cachedLambdaForm {reexecute=0 rethrow=0 return_oop=0}
                      ; - java.lang.invoke.DirectMethodHandle::preparedLambdaForm@5 (line 229)
                      ; - java.lang.invoke.DirectMethodHandle::preparedLambdaForm@139 (line 210)
                      ;   {runtime_call throw_null_pointer_exception Runtime1 stub}
  0x00000281c4d1f1b0: cdff e869 

  0x00000281c4d1f1b4: ; ImmutableOopMap {rsi=Oop rdx=Oop [112]=Oop [128]=Oop }
                      ;*aaload {reexecute=0 rethrow=0 return_oop=0}
                      ; - java.lang.invoke.MethodTypeForm::cachedLambdaForm@5 (line 131)
                      ; - java.lang.invoke.DirectMethodHandle::preparedLambdaForm@5 (line 229)
                      ; - java.lang.invoke.DirectMethodHandle::preparedLambdaForm@139 (line 210)
  0x00000281c4d1f1b4: 16cd ff48 | 893c 2448 | 8954 2408 

  0x00000281c4d1f1c0: ;   {runtime_call throw_range_check_failed Runtime1 stub}
  0x00000281c4d1f1c0: e85b 07cd 

  0x00000281c4d1f1c4: ; ImmutableOopMap {rsi=Oop rdx=Oop [112]=Oop [128]=Oop }
                      ;*aaload {reexecute=0 rethrow=0 return_oop=0}
                      ; - java.lang.invoke.MethodTypeForm::cachedLambdaForm@5 (line 131)
                      ; - java.lang.invoke.DirectMethodHandle::preparedLambdaForm@5 (line 229)
                      ; - java.lang.invoke.DirectMethodHandle::preparedLambdaForm@139 (line 210)
                      ;   {runtime_call throw_null_pointer_exception Runtime1 stub}
  0x00000281c4d1f1c4: ffe8 5616 

  0x00000281c4d1f1c8: ; ImmutableOopMap {rdx=Oop [112]=Oop [128]=Oop }
                      ;*invokevirtual get {reexecute=0 rethrow=0 return_oop=0}
                      ; - java.lang.invoke.MethodTypeForm::cachedLambdaForm@12 (line 132)
                      ; - java.lang.invoke.DirectMethodHandle::preparedLambdaForm@5 (line 229)
                      ; - java.lang.invoke.DirectMethodHandle::preparedLambdaForm@139 (line 210)
  0x00000281c4d1f1c8: cdff 4889 

  0x00000281c4d1f1cc: ;   {runtime_call throw_class_cast_exception Runtime1 stub}
  0x00000281c4d1f1cc: 0424 e8cd 

  0x00000281c4d1f1d0: ; ImmutableOopMap {[112]=Oop [128]=Oop }
                      ;*checkcast {reexecute=0 rethrow=0 return_oop=0}
                      ; - java.lang.invoke.MethodTypeForm::cachedLambdaForm@15 (line 132)
                      ; - java.lang.invoke.DirectMethodHandle::preparedLambdaForm@5 (line 229)
                      ; - java.lang.invoke.DirectMethodHandle::preparedLambdaForm@139 (line 210)
                      ;   {runtime_call throw_null_pointer_exception Runtime1 stub}
  0x00000281c4d1f1d0: 59cd ffe8 

  0x00000281c4d1f1d4: ; ImmutableOopMap {rax=Oop rsi=Oop rdx=Oop [112]=Oop [128]=Oop }
                      ;*invokevirtual setCachedLambdaForm {reexecute=0 rethrow=0 return_oop=0}
                      ; - java.lang.invoke.DirectMethodHandle::preparedLambdaForm@27 (line 232)
                      ; - java.lang.invoke.DirectMethodHandle::preparedLambdaForm@139 (line 210)
  0x00000281c4d1f1d4: 4816 cdff 

  0x00000281c4d1f1d8: ;   {runtime_call throw_null_pointer_exception Runtime1 stub}
  0x00000281c4d1f1d8: e843 16cd 

  0x00000281c4d1f1dc: ; ImmutableOopMap {rsi=Oop [112]=Oop [128]=Oop }
                      ;*invokevirtual form {reexecute=0 rethrow=0 return_oop=0}
                      ; - java.lang.invoke.DirectMethodHandle::preparedLambdaForm@1 (line 229)
                      ; - java.lang.invoke.DirectMethodHandle::preparedLambdaForm@159 (line 216)
                      ;   {runtime_call throw_null_pointer_exception Runtime1 stub}
  0x00000281c4d1f1dc: ffe8 3e16 

  0x00000281c4d1f1e0: ; ImmutableOopMap {rsi=Oop [112]=Oop [128]=Oop }
                      ;*invokevirtual cachedLambdaForm {reexecute=0 rethrow=0 return_oop=0}
                      ; - java.lang.invoke.DirectMethodHandle::preparedLambdaForm@5 (line 229)
                      ; - java.lang.invoke.DirectMethodHandle::preparedLambdaForm@159 (line 216)
                      ;   {runtime_call throw_null_pointer_exception Runtime1 stub}
  0x00000281c4d1f1e0: cdff e839 

  0x00000281c4d1f1e4: ; ImmutableOopMap {rsi=Oop rdx=Oop [112]=Oop [128]=Oop }
                      ;*aaload {reexecute=0 rethrow=0 return_oop=0}
                      ; - java.lang.invoke.MethodTypeForm::cachedLambdaForm@5 (line 131)
                      ; - java.lang.invoke.DirectMethodHandle::preparedLambdaForm@5 (line 229)
                      ; - java.lang.invoke.DirectMethodHandle::preparedLambdaForm@159 (line 216)
  0x00000281c4d1f1e4: 16cd ff48 | 893c 2448 | 8954 2408 

  0x00000281c4d1f1f0: ;   {runtime_call throw_range_check_failed Runtime1 stub}
  0x00000281c4d1f1f0: e82b 07cd 

  0x00000281c4d1f1f4: ; ImmutableOopMap {rsi=Oop rdx=Oop [112]=Oop [128]=Oop }
                      ;*aaload {reexecute=0 rethrow=0 return_oop=0}
                      ; - java.lang.invoke.MethodTypeForm::cachedLambdaForm@5 (line 131)
                      ; - java.lang.invoke.DirectMethodHandle::preparedLambdaForm@5 (line 229)
                      ; - java.lang.invoke.DirectMethodHandle::preparedLambdaForm@159 (line 216)
                      ;   {runtime_call throw_null_pointer_exception Runtime1 stub}
  0x00000281c4d1f1f4: ffe8 2616 

  0x00000281c4d1f1f8: ; ImmutableOopMap {rdx=Oop [112]=Oop [128]=Oop }
                      ;*invokevirtual get {reexecute=0 rethrow=0 return_oop=0}
                      ; - java.lang.invoke.MethodTypeForm::cachedLambdaForm@12 (line 132)
                      ; - java.lang.invoke.DirectMethodHandle::preparedLambdaForm@5 (line 229)
                      ; - java.lang.invoke.DirectMethodHandle::preparedLambdaForm@159 (line 216)
  0x00000281c4d1f1f8: cdff 4889 

  0x00000281c4d1f1fc: ;   {runtime_call throw_class_cast_exception Runtime1 stub}
  0x00000281c4d1f1fc: 0424 e89d 

  0x00000281c4d1f200: ; ImmutableOopMap {[112]=Oop [128]=Oop }
                      ;*checkcast {reexecute=0 rethrow=0 return_oop=0}
                      ; - java.lang.invoke.MethodTypeForm::cachedLambdaForm@15 (line 132)
                      ; - java.lang.invoke.DirectMethodHandle::preparedLambdaForm@5 (line 229)
                      ; - java.lang.invoke.DirectMethodHandle::preparedLambdaForm@159 (line 216)
                      ;   {runtime_call throw_null_pointer_exception Runtime1 stub}
  0x00000281c4d1f200: 59cd ffe8 

  0x00000281c4d1f204: ; ImmutableOopMap {rax=Oop rdx=Oop [112]=Oop }
                      ;*invokevirtual setCachedLambdaForm {reexecute=0 rethrow=0 return_oop=0}
                      ; - java.lang.invoke.DirectMethodHandle::preparedLambdaForm@27 (line 232)
                      ; - java.lang.invoke.DirectMethodHandle::preparedLambdaForm@159 (line 216)
  0x00000281c4d1f204: 1816 cdff 

  0x00000281c4d1f208: ;   {runtime_call throw_null_pointer_exception Runtime1 stub}
  0x00000281c4d1f208: e813 16cd 

  0x00000281c4d1f20c: ; ImmutableOopMap {rdx=Oop [112]=Oop }
                      ;*getfield vmentry {reexecute=1 rethrow=0 return_oop=0}
                      ; - (reexecute) java.lang.invoke.DirectMethodHandle::maybeCompile@1 (line 318)
                      ; - java.lang.invoke.DirectMethodHandle::preparedLambdaForm@167 (line 217)
                      ;   {internal_word}
  0x00000281c4d1f20c: ff49 baef | f0d1 c481 | 0200 004d | 8997 6804 

  0x00000281c4d1f21c: ;   {runtime_call SafepointBlob}
  0x00000281c4d1f21c: 0000 e95d | 79c1 ff48 

  0x00000281c4d1f224: ;   {runtime_call fast_new_instance Runtime1 stub}
  0x00000281c4d1f224: 8bd2 e8d5 

  0x00000281c4d1f228: ; ImmutableOopMap {rbx=Oop [112]=Oop }
                      ;*new {reexecute=0 rethrow=0 return_oop=0}
                      ; - java.lang.invoke.DirectMethodHandle::preparedLambdaForm@112 (line 206)
  0x00000281c4d1f228: 26cd ffe9 | 28ff ffff | 498b 8700 | 0500 0049 | c787 0005 | 0000 0000 | 0000 49c7 | 8708 0500 
  0x00000281c4d1f248: 0000 0000 | 0048 81c4 | b000 0000 

  0x00000281c4d1f254: ;   {runtime_call unwind_exception Runtime1 stub}
  0x00000281c4d1f254: 5de9 a600 | cdff f4f4 | f4f4 f4f4 
[Stub Code]
  0x00000281c4d1f260: ;   {no_reloc}
  0x00000281c4d1f260: 0f1f 4400 

  0x00000281c4d1f264: ;   {static_stub}
  0x00000281c4d1f264: 0048 bb00 | 0000 0000 

  0x00000281c4d1f26c: ;   {runtime_call}
  0x00000281c4d1f26c: 0000 00e9 | fbff ffff 

  0x00000281c4d1f274: ;   {static_stub}
  0x00000281c4d1f274: 9048 bb00 | 0000 0000 

  0x00000281c4d1f27c: ;   {runtime_call}
  0x00000281c4d1f27c: 0000 00e9 | fbff ffff 

  0x00000281c4d1f284: ;   {static_stub}
  0x00000281c4d1f284: 9048 bb00 | 0000 0000 

  0x00000281c4d1f28c: ;   {runtime_call}
  0x00000281c4d1f28c: 0000 00e9 | fbff ffff 

  0x00000281c4d1f294: ;   {static_stub}
  0x00000281c4d1f294: 48bb 0000 | 0000 0000 

  0x00000281c4d1f29c: ;   {runtime_call}
  0x00000281c4d1f29c: 0000 e9fb 

  0x00000281c4d1f2a0: ;   {static_stub}
  0x00000281c4d1f2a0: ffff ff48 | bbd0 390a | d081 0200 

  0x00000281c4d1f2ac: ;   {runtime_call I2C/C2I adapters}
  0x00000281c4d1f2ac: 00e9 d14b 

  0x00000281c4d1f2b0: ;   {static_stub}
  0x00000281c4d1f2b0: c1ff 48bb | 803a 0ad0 | 8102 0000 

  0x00000281c4d1f2bc: ;   {runtime_call I2C/C2I adapters}
  0x00000281c4d1f2bc: e9c6 56c1 

  0x00000281c4d1f2c0: ;   {static_stub}
  0x00000281c4d1f2c0: ff48 bb28 | 0140 d081 

  0x00000281c4d1f2c8: ;   {runtime_call I2C/C2I adapters}
  0x00000281c4d1f2c8: 0200 00e9 | bbb2 beff 

  0x00000281c4d1f2d0: ;   {static_stub}
  0x00000281c4d1f2d0: 48bb 0000 | 0000 0000 

  0x00000281c4d1f2d8: ;   {runtime_call}
  0x00000281c4d1f2d8: 0000 e9fb 

  0x00000281c4d1f2dc: ;   {static_stub}
  0x00000281c4d1f2dc: ffff ff48 | bb00 0000 | 0000 0000 

  0x00000281c4d1f2e8: ;   {runtime_call}
  0x00000281c4d1f2e8: 00e9 fbff 

  0x00000281c4d1f2ec: ;   {static_stub}
  0x00000281c4d1f2ec: ffff 48bb | 0000 0000 | 0000 0000 

  0x00000281c4d1f2f8: ;   {runtime_call}
  0x00000281c4d1f2f8: e9fb ffff 

  0x00000281c4d1f2fc: ;   {runtime_call handle_exception_from_callee Runtime1 stub}
  0x00000281c4d1f2fc: ffe8 7e46 

  0x00000281c4d1f300: ;   {external_word}
  0x00000281c4d1f300: cdff 48b9 | 0048 ba61 | fe7f 0000 | 4883 e4f0 

  0x00000281c4d1f310: ;   {runtime_call}
  0x00000281c4d1f310: 48b8 4024 | 8261 fe7f | 0000 ffd0 

  0x00000281c4d1f31c: ;   {section_word}
  0x00000281c4d1f31c: f449 ba1d | f3d1 c481 | 0200 0041 

  0x00000281c4d1f328: ;   {runtime_call DeoptimizationBlob}
  0x00000281c4d1f328: 52e9 f28c | c1ff f4f4 
[/MachCode]


Compiled method (c1)     572  945       1       java.lang.invoke.DirectMethodHandle::preparedLambdaForm (6 bytes)
 total in heap  [0x00000281c4d1fc10,0x00000281c4d1fed8] = 712
 relocation     [0x00000281c4d1fd70,0x00000281c4d1fda8] = 56
 main code      [0x00000281c4d1fdc0,0x00000281c4d1fe48] = 136
 stub code      [0x00000281c4d1fe48,0x00000281c4d1fe88] = 64
 metadata       [0x00000281c4d1fe88,0x00000281c4d1fe90] = 8
 scopes data    [0x00000281c4d1fe90,0x00000281c4d1fea0] = 16
 scopes pcs     [0x00000281c4d1fea0,0x00000281c4d1fed0] = 48
 dependencies   [0x00000281c4d1fed0,0x00000281c4d1fed8] = 8

[Constant Pool (empty)]

[MachCode]
[Verified Entry Point]
  # {method} {0x00000281d00a3820} 'preparedLambdaForm' '(Ljava/lang/invoke/MemberName;)Ljava/lang/invoke/LambdaForm;' in 'java/lang/invoke/DirectMethodHandle'
  # parm0:    rdx:rdx   = 'java/lang/invoke/MemberName'
  #           [sp+0x30]  (sp of caller)
  0x00000281c4d1fdc0: 8984 2400 | 80ff ff55 | 4883 ec20 | 4181 7f20 | 0100 0000 

  0x00000281c4d1fdd4: ;   {runtime_call StubRoutines (final stubs)}
  0x00000281c4d1fdd4: 7405 e825 | 64bf ff41 | b800 0000 | 0066 0f1f 

  0x00000281c4d1fde4: ;   {static_call}
  0x00000281c4d1fde4: 4400 00e8 

  0x00000281c4d1fde8: ; ImmutableOopMap {}
                      ;*invokestatic preparedLambdaForm {reexecute=0 rethrow=0 return_oop=0}
                      ; - java.lang.invoke.DirectMethodHandle::preparedLambdaForm@2 (line 225)
  0x00000281c4d1fde8: 94ef ffff 

  0x00000281c4d1fdec: ;   {other}
  0x00000281c4d1fdec: 0f1f 8400 | dc01 0000 | 4883 c420 

  0x00000281c4d1fdf8: ;   {poll_return}
  0x00000281c4d1fdf8: 5d49 3ba7 | 5004 0000 | 0f87 0100 

  0x00000281c4d1fe04: ;   {internal_word}
  0x00000281c4d1fe04: 0000 c349 | baf9 fdd1 | c481 0200 | 004d 8997 | 6804 0000 

  0x00000281c4d1fe18: ;   {runtime_call SafepointBlob}
  0x00000281c4d1fe18: e963 6dc1 | ff49 8b87 | 0005 0000 | 49c7 8700 | 0500 0000 | 0000 0049 | c787 0805 | 0000 0000 
  0x00000281c4d1fe38: 0000 4883 

  0x00000281c4d1fe3c: ;   {runtime_call unwind_exception Runtime1 stub}
  0x00000281c4d1fe3c: c420 5de9 | bcf4 ccff | f4f4 f4f4 
[Stub Code]
  0x00000281c4d1fe48: ;   {no_reloc}
  0x00000281c4d1fe48: 48bb 0000 | 0000 0000 

  0x00000281c4d1fe50: ;   {runtime_call}
  0x00000281c4d1fe50: 0000 e9fb 

  0x00000281c4d1fe54: ;   {runtime_call handle_exception_from_callee Runtime1 stub}
  0x00000281c4d1fe54: ffff ffe8 | 243b cdff 

  0x00000281c4d1fe5c: ;   {external_word}
  0x00000281c4d1fe5c: 48b9 0048 | ba61 fe7f | 0000 4883 

  0x00000281c4d1fe68: ;   {runtime_call}
  0x00000281c4d1fe68: e4f0 48b8 | 4024 8261 | fe7f 0000 

  0x00000281c4d1fe74: ;   {section_word}
  0x00000281c4d1fe74: ffd0 f449 | ba77 fed1 | c481 0200 

  0x00000281c4d1fe80: ;   {runtime_call DeoptimizationBlob}
  0x00000281c4d1fe80: 0041 52e9 | 9881 c1ff 
[/MachCode]


---------------  P R O C E S S  ---------------

Threads class SMR info:
_java_thread_list=0x000002821560a460, length=16, elements={
0x00000281bac5f3f0, 0x00000281cfb6ff70, 0x00000281cfb72e50, 0x00000281cfb7ab00,
0x00000281cfb7b710, 0x00000281cfb7c170, 0x00000281cfb7cd80, 0x00000281cfb83460,
0x00000282150a8670, 0x00000282150ab990, 0x000002821550ac30, 0x000002821550e9a0,
0x00000282155d96b0, 0x00000282155ddd70, 0x00000282156108f0, 0x00000282156117f0
}

Java Threads: ( => current thread )
=>0x00000281bac5f3f0 JavaThread "main"                              [_thread_in_vm, id=15948, stack(0x000000b13aa00000,0x000000b13ab00000) (1024K)]
  0x00000281cfb6ff70 JavaThread "Reference Handler"          daemon [_thread_blocked, id=9228, stack(0x000000b13b200000,0x000000b13b300000) (1024K)]
  0x00000281cfb72e50 JavaThread "Finalizer"                  daemon [_thread_blocked, id=20504, stack(0x000000b13b300000,0x000000b13b400000) (1024K)]
  0x00000281cfb7ab00 JavaThread "Signal Dispatcher"          daemon [_thread_blocked, id=18776, stack(0x000000b13b400000,0x000000b13b500000) (1024K)]
  0x00000281cfb7b710 JavaThread "Attach Listener"            daemon [_thread_blocked, id=18384, stack(0x000000b13b500000,0x000000b13b600000) (1024K)]
  0x00000281cfb7c170 JavaThread "Service Thread"             daemon [_thread_blocked, id=18784, stack(0x000000b13b600000,0x000000b13b700000) (1024K)]
  0x00000281cfb7cd80 JavaThread "Monitor Deflation Thread"   daemon [_thread_blocked, id=15144, stack(0x000000b13b700000,0x000000b13b800000) (1024K)]
  0x00000281cfb83460 JavaThread "C1 CompilerThread0"         daemon [_thread_blocked, id=17252, stack(0x000000b13b800000,0x000000b13b900000) (1024K)]
  0x00000282150a8670 JavaThread "Common-Cleaner"             daemon [_thread_blocked, id=15600, stack(0x000000b13b900000,0x000000b13ba00000) (1024K)]
  0x00000282150ab990 JavaThread "C1 CompilerThread1"         daemon [_thread_blocked, id=16508, stack(0x000000b13ba00000,0x000000b13bb00000) (1024K)]
  0x000002821550ac30 JavaThread "Monitor Ctrl-Break"         daemon [_thread_in_native, id=8404, stack(0x000000b13bb00000,0x000000b13bc00000) (1024K)]
  0x000002821550e9a0 JavaThread "Notification Thread"        daemon [_thread_blocked, id=20868, stack(0x000000b13bc00000,0x000000b13bd00000) (1024K)]
  0x00000282155d96b0 JavaThread "C1 CompilerThread2"         daemon [_thread_blocked, id=16708, stack(0x000000b13bd00000,0x000000b13be00000) (1024K)]
  0x00000282155ddd70 JavaThread "C1 CompilerThread3"         daemon [_thread_in_native, id=13676, stack(0x000000b13be00000,0x000000b13bf00000) (1024K)]
  0x00000282156108f0 JavaThread "SeedGenerator Thread"       daemon [_thread_in_Java, id=20704, stack(0x000000b13bf00000,0x000000b13c000000) (1024K)]
  0x00000282156117f0 JavaThread "SeedGenerator Thread"       daemon [_thread_blocked, id=11620, stack(0x000000b13c000000,0x000000b13c100000) (1024K)]
Total: 16

Other Threads:
  0x00000281cfb51960 VMThread "VM Thread"                           [id=19208, stack(0x000000b13b100000,0x000000b13b200000) (1024K)]
  0x00000281cfb3b050 WatcherThread "VM Periodic Task Thread"        [id=21840, stack(0x000000b13b000000,0x000000b13b100000) (1024K)]
  0x00000281bacc7b20 WorkerThread "GC Thread#0"                     [id=13404, stack(0x000000b13ab00000,0x000000b13ac00000) (1024K)]
  0x00000281bacd9830 ConcurrentGCThread "G1 Main Marker"            [id=20656, stack(0x000000b13ac00000,0x000000b13ad00000) (1024K)]
  0x00000281bacda9e0 WorkerThread "G1 Conc#0"                       [id=10912, stack(0x000000b13ad00000,0x000000b13ae00000) (1024K)]
  0x00000281cfa0b530 ConcurrentGCThread "G1 Refine#0"               [id=2460, stack(0x000000b13ae00000,0x000000b13af00000) (1024K)]
  0x00000281cfa0dd60 ConcurrentGCThread "G1 Service"                [id=4676, stack(0x000000b13af00000,0x000000b13b000000) (1024K)]
Total: 7

Threads with active compile tasks:
C1 CompilerThread3      575 1005       1       sun.nio.fs.WindowsPathParser::parse (504 bytes)
Total: 1

VM state: not at safepoint (normal execution)

VM Mutex/Monitor currently owned by a thread:  ([mutex/lock_event])
[0x00007ffe61e3ace8] Metaspace_lock - owner thread: 0x00000281bac5f3f0

Heap address: 0x0000000703a00000, size: 4038 MB, Compressed Oops mode: Zero based, Oop shift amount: 3

CDS archive(s) mapped at: [0x00000281d0000000-0x00000281d0c90000-0x00000281d0c90000), size 13172736, SharedBaseAddress: 0x00000281d0000000, ArchiveRelocationMode: 1.
Compressed class space mapped at: 0x00000281d1000000-0x0000028211000000, reserved size: 1073741824
Narrow klass base: 0x00000281d0000000, Narrow klass shift: 0, Narrow klass range: 0x100000000

GC Precious Log:
 CardTable entry size: 512
 Card Set container configuration: InlinePtr #cards 4 size 8 Array Of Cards #cards 16 size 48 Howl #buckets 8 coarsen threshold 3686 Howl Bitmap #cards 512 size 80 coarsen threshold 460 Card regions per heap region 1 cards per card region 4096
 CPUs: 8 total, 8 available
 Memory: 16151M
 Large Page Support: Disabled
 NUMA Support: Disabled
 Compressed Oops: Enabled (Zero based)
 Heap Region Size: 2M
 Heap Min Capacity: 8M
 Heap Initial Capacity: 254M
 Heap Max Capacity: 4038M
 Pre-touch: Disabled
 Parallel Workers: 8
 Concurrent Workers: 2
 Concurrent Refinement Workers: 8
 Periodic GC: Disabled

Heap:
 garbage-first heap   total 260096K, used 14336K [0x0000000703a00000, 0x0000000800000000)
  region size 2048K, 9 young (18432K), 0 survivors (0K)
 Metaspace       used 4207K, committed 4352K, reserved 1114112K
  class space    used 495K, committed 576K, reserved 1048576K

Heap Regions: E=young(eden), S=young(survivor), O=old, HS=humongous(starts), HC=humongous(continues), CS=collection set, F=free, TAMS=top-at-mark-start, PB=parsable bottom
|   0|0x0000000703a00000, 0x0000000703a00000, 0x0000000703c00000|  0%| F|  |TAMS 0x0000000703a00000| PB 0x0000000703a00000| Untracked 
|   1|0x0000000703c00000, 0x0000000703c00000, 0x0000000703e00000|  0%| F|  |TAMS 0x0000000703c00000| PB 0x0000000703c00000| Untracked 
|   2|0x0000000703e00000, 0x0000000703e00000, 0x0000000704000000|  0%| F|  |TAMS 0x0000000703e00000| PB 0x0000000703e00000| Untracked 
|   3|0x0000000704000000, 0x0000000704000000, 0x0000000704200000|  0%| F|  |TAMS 0x0000000704000000| PB 0x0000000704000000| Untracked 
|   4|0x0000000704200000, 0x0000000704200000, 0x0000000704400000|  0%| F|  |TAMS 0x0000000704200000| PB 0x0000000704200000| Untracked 
|   5|0x0000000704400000, 0x0000000704400000, 0x0000000704600000|  0%| F|  |TAMS 0x0000000704400000| PB 0x0000000704400000| Untracked 
|   6|0x0000000704600000, 0x0000000704600000, 0x0000000704800000|  0%| F|  |TAMS 0x0000000704600000| PB 0x0000000704600000| Untracked 
|   7|0x0000000704800000, 0x0000000704800000, 0x0000000704a00000|  0%| F|  |TAMS 0x0000000704800000| PB 0x0000000704800000| Untracked 
|   8|0x0000000704a00000, 0x0000000704a00000, 0x0000000704c00000|  0%| F|  |TAMS 0x0000000704a00000| PB 0x0000000704a00000| Untracked 
|   9|0x0000000704c00000, 0x0000000704c00000, 0x0000000704e00000|  0%| F|  |TAMS 0x0000000704c00000| PB 0x0000000704c00000| Untracked 
|  10|0x0000000704e00000, 0x0000000704e00000, 0x0000000705000000|  0%| F|  |TAMS 0x0000000704e00000| PB 0x0000000704e00000| Untracked 
|  11|0x0000000705000000, 0x0000000705000000, 0x0000000705200000|  0%| F|  |TAMS 0x0000000705000000| PB 0x0000000705000000| Untracked 
|  12|0x0000000705200000, 0x0000000705200000, 0x0000000705400000|  0%| F|  |TAMS 0x0000000705200000| PB 0x0000000705200000| Untracked 
|  13|0x0000000705400000, 0x0000000705400000, 0x0000000705600000|  0%| F|  |TAMS 0x0000000705400000| PB 0x0000000705400000| Untracked 
|  14|0x0000000705600000, 0x0000000705600000, 0x0000000705800000|  0%| F|  |TAMS 0x0000000705600000| PB 0x0000000705600000| Untracked 
|  15|0x0000000705800000, 0x0000000705800000, 0x0000000705a00000|  0%| F|  |TAMS 0x0000000705800000| PB 0x0000000705800000| Untracked 
|  16|0x0000000705a00000, 0x0000000705a00000, 0x0000000705c00000|  0%| F|  |TAMS 0x0000000705a00000| PB 0x0000000705a00000| Untracked 
|  17|0x0000000705c00000, 0x0000000705c00000, 0x0000000705e00000|  0%| F|  |TAMS 0x0000000705c00000| PB 0x0000000705c00000| Untracked 
|  18|0x0000000705e00000, 0x0000000705e00000, 0x0000000706000000|  0%| F|  |TAMS 0x0000000705e00000| PB 0x0000000705e00000| Untracked 
|  19|0x0000000706000000, 0x0000000706000000, 0x0000000706200000|  0%| F|  |TAMS 0x0000000706000000| PB 0x0000000706000000| Untracked 
|  20|0x0000000706200000, 0x0000000706200000, 0x0000000706400000|  0%| F|  |TAMS 0x0000000706200000| PB 0x0000000706200000| Untracked 
|  21|0x0000000706400000, 0x0000000706400000, 0x0000000706600000|  0%| F|  |TAMS 0x0000000706400000| PB 0x0000000706400000| Untracked 
|  22|0x0000000706600000, 0x0000000706600000, 0x0000000706800000|  0%| F|  |TAMS 0x0000000706600000| PB 0x0000000706600000| Untracked 
|  23|0x0000000706800000, 0x0000000706800000, 0x0000000706a00000|  0%| F|  |TAMS 0x0000000706800000| PB 0x0000000706800000| Untracked 
|  24|0x0000000706a00000, 0x0000000706a00000, 0x0000000706c00000|  0%| F|  |TAMS 0x0000000706a00000| PB 0x0000000706a00000| Untracked 
|  25|0x0000000706c00000, 0x0000000706c00000, 0x0000000706e00000|  0%| F|  |TAMS 0x0000000706c00000| PB 0x0000000706c00000| Untracked 
|  26|0x0000000706e00000, 0x0000000706e00000, 0x0000000707000000|  0%| F|  |TAMS 0x0000000706e00000| PB 0x0000000706e00000| Untracked 
|  27|0x0000000707000000, 0x0000000707000000, 0x0000000707200000|  0%| F|  |TAMS 0x0000000707000000| PB 0x0000000707000000| Untracked 
|  28|0x0000000707200000, 0x0000000707200000, 0x0000000707400000|  0%| F|  |TAMS 0x0000000707200000| PB 0x0000000707200000| Untracked 
|  29|0x0000000707400000, 0x0000000707400000, 0x0000000707600000|  0%| F|  |TAMS 0x0000000707400000| PB 0x0000000707400000| Untracked 
|  30|0x0000000707600000, 0x0000000707600000, 0x0000000707800000|  0%| F|  |TAMS 0x0000000707600000| PB 0x0000000707600000| Untracked 
|  31|0x0000000707800000, 0x0000000707800000, 0x0000000707a00000|  0%| F|  |TAMS 0x0000000707800000| PB 0x0000000707800000| Untracked 
|  32|0x0000000707a00000, 0x0000000707a00000, 0x0000000707c00000|  0%| F|  |TAMS 0x0000000707a00000| PB 0x0000000707a00000| Untracked 
|  33|0x0000000707c00000, 0x0000000707c00000, 0x0000000707e00000|  0%| F|  |TAMS 0x0000000707c00000| PB 0x0000000707c00000| Untracked 
|  34|0x0000000707e00000, 0x0000000707e00000, 0x0000000708000000|  0%| F|  |TAMS 0x0000000707e00000| PB 0x0000000707e00000| Untracked 
|  35|0x0000000708000000, 0x0000000708000000, 0x0000000708200000|  0%| F|  |TAMS 0x0000000708000000| PB 0x0000000708000000| Untracked 
|  36|0x0000000708200000, 0x0000000708200000, 0x0000000708400000|  0%| F|  |TAMS 0x0000000708200000| PB 0x0000000708200000| Untracked 
|  37|0x0000000708400000, 0x0000000708400000, 0x0000000708600000|  0%| F|  |TAMS 0x0000000708400000| PB 0x0000000708400000| Untracked 
|  38|0x0000000708600000, 0x0000000708600000, 0x0000000708800000|  0%| F|  |TAMS 0x0000000708600000| PB 0x0000000708600000| Untracked 
|  39|0x0000000708800000, 0x0000000708800000, 0x0000000708a00000|  0%| F|  |TAMS 0x0000000708800000| PB 0x0000000708800000| Untracked 
|  40|0x0000000708a00000, 0x0000000708a00000, 0x0000000708c00000|  0%| F|  |TAMS 0x0000000708a00000| PB 0x0000000708a00000| Untracked 
|  41|0x0000000708c00000, 0x0000000708c00000, 0x0000000708e00000|  0%| F|  |TAMS 0x0000000708c00000| PB 0x0000000708c00000| Untracked 
|  42|0x0000000708e00000, 0x0000000708e00000, 0x0000000709000000|  0%| F|  |TAMS 0x0000000708e00000| PB 0x0000000708e00000| Untracked 
|  43|0x0000000709000000, 0x0000000709000000, 0x0000000709200000|  0%| F|  |TAMS 0x0000000709000000| PB 0x0000000709000000| Untracked 
|  44|0x0000000709200000, 0x0000000709200000, 0x0000000709400000|  0%| F|  |TAMS 0x0000000709200000| PB 0x0000000709200000| Untracked 
|  45|0x0000000709400000, 0x0000000709400000, 0x0000000709600000|  0%| F|  |TAMS 0x0000000709400000| PB 0x0000000709400000| Untracked 
|  46|0x0000000709600000, 0x0000000709600000, 0x0000000709800000|  0%| F|  |TAMS 0x0000000709600000| PB 0x0000000709600000| Untracked 
|  47|0x0000000709800000, 0x0000000709800000, 0x0000000709a00000|  0%| F|  |TAMS 0x0000000709800000| PB 0x0000000709800000| Untracked 
|  48|0x0000000709a00000, 0x0000000709a00000, 0x0000000709c00000|  0%| F|  |TAMS 0x0000000709a00000| PB 0x0000000709a00000| Untracked 
|  49|0x0000000709c00000, 0x0000000709c00000, 0x0000000709e00000|  0%| F|  |TAMS 0x0000000709c00000| PB 0x0000000709c00000| Untracked 
|  50|0x0000000709e00000, 0x0000000709e00000, 0x000000070a000000|  0%| F|  |TAMS 0x0000000709e00000| PB 0x0000000709e00000| Untracked 
|  51|0x000000070a000000, 0x000000070a000000, 0x000000070a200000|  0%| F|  |TAMS 0x000000070a000000| PB 0x000000070a000000| Untracked 
|  52|0x000000070a200000, 0x000000070a200000, 0x000000070a400000|  0%| F|  |TAMS 0x000000070a200000| PB 0x000000070a200000| Untracked 
|  53|0x000000070a400000, 0x000000070a400000, 0x000000070a600000|  0%| F|  |TAMS 0x000000070a400000| PB 0x000000070a400000| Untracked 
|  54|0x000000070a600000, 0x000000070a600000, 0x000000070a800000|  0%| F|  |TAMS 0x000000070a600000| PB 0x000000070a600000| Untracked 
|  55|0x000000070a800000, 0x000000070a800000, 0x000000070aa00000|  0%| F|  |TAMS 0x000000070a800000| PB 0x000000070a800000| Untracked 
|  56|0x000000070aa00000, 0x000000070aa00000, 0x000000070ac00000|  0%| F|  |TAMS 0x000000070aa00000| PB 0x000000070aa00000| Untracked 
|  57|0x000000070ac00000, 0x000000070ac00000, 0x000000070ae00000|  0%| F|  |TAMS 0x000000070ac00000| PB 0x000000070ac00000| Untracked 
|  58|0x000000070ae00000, 0x000000070ae00000, 0x000000070b000000|  0%| F|  |TAMS 0x000000070ae00000| PB 0x000000070ae00000| Untracked 
|  59|0x000000070b000000, 0x000000070b000000, 0x000000070b200000|  0%| F|  |TAMS 0x000000070b000000| PB 0x000000070b000000| Untracked 
|  60|0x000000070b200000, 0x000000070b200000, 0x000000070b400000|  0%| F|  |TAMS 0x000000070b200000| PB 0x000000070b200000| Untracked 
|  61|0x000000070b400000, 0x000000070b400000, 0x000000070b600000|  0%| F|  |TAMS 0x000000070b400000| PB 0x000000070b400000| Untracked 
|  62|0x000000070b600000, 0x000000070b600000, 0x000000070b800000|  0%| F|  |TAMS 0x000000070b600000| PB 0x000000070b600000| Untracked 
|  63|0x000000070b800000, 0x000000070b800000, 0x000000070ba00000|  0%| F|  |TAMS 0x000000070b800000| PB 0x000000070b800000| Untracked 
|  64|0x000000070ba00000, 0x000000070ba00000, 0x000000070bc00000|  0%| F|  |TAMS 0x000000070ba00000| PB 0x000000070ba00000| Untracked 
|  65|0x000000070bc00000, 0x000000070bc00000, 0x000000070be00000|  0%| F|  |TAMS 0x000000070bc00000| PB 0x000000070bc00000| Untracked 
|  66|0x000000070be00000, 0x000000070be00000, 0x000000070c000000|  0%| F|  |TAMS 0x000000070be00000| PB 0x000000070be00000| Untracked 
|  67|0x000000070c000000, 0x000000070c000000, 0x000000070c200000|  0%| F|  |TAMS 0x000000070c000000| PB 0x000000070c000000| Untracked 
|  68|0x000000070c200000, 0x000000070c200000, 0x000000070c400000|  0%| F|  |TAMS 0x000000070c200000| PB 0x000000070c200000| Untracked 
|  69|0x000000070c400000, 0x000000070c400000, 0x000000070c600000|  0%| F|  |TAMS 0x000000070c400000| PB 0x000000070c400000| Untracked 
|  70|0x000000070c600000, 0x000000070c600000, 0x000000070c800000|  0%| F|  |TAMS 0x000000070c600000| PB 0x000000070c600000| Untracked 
|  71|0x000000070c800000, 0x000000070c800000, 0x000000070ca00000|  0%| F|  |TAMS 0x000000070c800000| PB 0x000000070c800000| Untracked 
|  72|0x000000070ca00000, 0x000000070ca00000, 0x000000070cc00000|  0%| F|  |TAMS 0x000000070ca00000| PB 0x000000070ca00000| Untracked 
|  73|0x000000070cc00000, 0x000000070cc00000, 0x000000070ce00000|  0%| F|  |TAMS 0x000000070cc00000| PB 0x000000070cc00000| Untracked 
|  74|0x000000070ce00000, 0x000000070ce00000, 0x000000070d000000|  0%| F|  |TAMS 0x000000070ce00000| PB 0x000000070ce00000| Untracked 
|  75|0x000000070d000000, 0x000000070d000000, 0x000000070d200000|  0%| F|  |TAMS 0x000000070d000000| PB 0x000000070d000000| Untracked 
|  76|0x000000070d200000, 0x000000070d200000, 0x000000070d400000|  0%| F|  |TAMS 0x000000070d200000| PB 0x000000070d200000| Untracked 
|  77|0x000000070d400000, 0x000000070d400000, 0x000000070d600000|  0%| F|  |TAMS 0x000000070d400000| PB 0x000000070d400000| Untracked 
|  78|0x000000070d600000, 0x000000070d600000, 0x000000070d800000|  0%| F|  |TAMS 0x000000070d600000| PB 0x000000070d600000| Untracked 
|  79|0x000000070d800000, 0x000000070d800000, 0x000000070da00000|  0%| F|  |TAMS 0x000000070d800000| PB 0x000000070d800000| Untracked 
|  80|0x000000070da00000, 0x000000070da00000, 0x000000070dc00000|  0%| F|  |TAMS 0x000000070da00000| PB 0x000000070da00000| Untracked 
|  81|0x000000070dc00000, 0x000000070dc00000, 0x000000070de00000|  0%| F|  |TAMS 0x000000070dc00000| PB 0x000000070dc00000| Untracked 
|  82|0x000000070de00000, 0x000000070de00000, 0x000000070e000000|  0%| F|  |TAMS 0x000000070de00000| PB 0x000000070de00000| Untracked 
|  83|0x000000070e000000, 0x000000070e000000, 0x000000070e200000|  0%| F|  |TAMS 0x000000070e000000| PB 0x000000070e000000| Untracked 
|  84|0x000000070e200000, 0x000000070e200000, 0x000000070e400000|  0%| F|  |TAMS 0x000000070e200000| PB 0x000000070e200000| Untracked 
|  85|0x000000070e400000, 0x000000070e400000, 0x000000070e600000|  0%| F|  |TAMS 0x000000070e400000| PB 0x000000070e400000| Untracked 
|  86|0x000000070e600000, 0x000000070e600000, 0x000000070e800000|  0%| F|  |TAMS 0x000000070e600000| PB 0x000000070e600000| Untracked 
|  87|0x000000070e800000, 0x000000070e800000, 0x000000070ea00000|  0%| F|  |TAMS 0x000000070e800000| PB 0x000000070e800000| Untracked 
|  88|0x000000070ea00000, 0x000000070ea00000, 0x000000070ec00000|  0%| F|  |TAMS 0x000000070ea00000| PB 0x000000070ea00000| Untracked 
|  89|0x000000070ec00000, 0x000000070ec00000, 0x000000070ee00000|  0%| F|  |TAMS 0x000000070ec00000| PB 0x000000070ec00000| Untracked 
|  90|0x000000070ee00000, 0x000000070ee00000, 0x000000070f000000|  0%| F|  |TAMS 0x000000070ee00000| PB 0x000000070ee00000| Untracked 
|  91|0x000000070f000000, 0x000000070f000000, 0x000000070f200000|  0%| F|  |TAMS 0x000000070f000000| PB 0x000000070f000000| Untracked 
|  92|0x000000070f200000, 0x000000070f200000, 0x000000070f400000|  0%| F|  |TAMS 0x000000070f200000| PB 0x000000070f200000| Untracked 
|  93|0x000000070f400000, 0x000000070f400000, 0x000000070f600000|  0%| F|  |TAMS 0x000000070f400000| PB 0x000000070f400000| Untracked 
|  94|0x000000070f600000, 0x000000070f600000, 0x000000070f800000|  0%| F|  |TAMS 0x000000070f600000| PB 0x000000070f600000| Untracked 
|  95|0x000000070f800000, 0x000000070f800000, 0x000000070fa00000|  0%| F|  |TAMS 0x000000070f800000| PB 0x000000070f800000| Untracked 
|  96|0x000000070fa00000, 0x000000070fa00000, 0x000000070fc00000|  0%| F|  |TAMS 0x000000070fa00000| PB 0x000000070fa00000| Untracked 
|  97|0x000000070fc00000, 0x000000070fc00000, 0x000000070fe00000|  0%| F|  |TAMS 0x000000070fc00000| PB 0x000000070fc00000| Untracked 
|  98|0x000000070fe00000, 0x000000070fe00000, 0x0000000710000000|  0%| F|  |TAMS 0x000000070fe00000| PB 0x000000070fe00000| Untracked 
|  99|0x0000000710000000, 0x0000000710000000, 0x0000000710200000|  0%| F|  |TAMS 0x0000000710000000| PB 0x0000000710000000| Untracked 
| 100|0x0000000710200000, 0x0000000710200000, 0x0000000710400000|  0%| F|  |TAMS 0x0000000710200000| PB 0x0000000710200000| Untracked 
| 101|0x0000000710400000, 0x0000000710400000, 0x0000000710600000|  0%| F|  |TAMS 0x0000000710400000| PB 0x0000000710400000| Untracked 
| 102|0x0000000710600000, 0x0000000710600000, 0x0000000710800000|  0%| F|  |TAMS 0x0000000710600000| PB 0x0000000710600000| Untracked 
| 103|0x0000000710800000, 0x0000000710800000, 0x0000000710a00000|  0%| F|  |TAMS 0x0000000710800000| PB 0x0000000710800000| Untracked 
| 104|0x0000000710a00000, 0x0000000710a00000, 0x0000000710c00000|  0%| F|  |TAMS 0x0000000710a00000| PB 0x0000000710a00000| Untracked 
| 105|0x0000000710c00000, 0x0000000710c00000, 0x0000000710e00000|  0%| F|  |TAMS 0x0000000710c00000| PB 0x0000000710c00000| Untracked 
| 106|0x0000000710e00000, 0x0000000710e00000, 0x0000000711000000|  0%| F|  |TAMS 0x0000000710e00000| PB 0x0000000710e00000| Untracked 
| 107|0x0000000711000000, 0x0000000711000000, 0x0000000711200000|  0%| F|  |TAMS 0x0000000711000000| PB 0x0000000711000000| Untracked 
| 108|0x0000000711200000, 0x0000000711200000, 0x0000000711400000|  0%| F|  |TAMS 0x0000000711200000| PB 0x0000000711200000| Untracked 
| 109|0x0000000711400000, 0x0000000711400000, 0x0000000711600000|  0%| F|  |TAMS 0x0000000711400000| PB 0x0000000711400000| Untracked 
| 110|0x0000000711600000, 0x0000000711600000, 0x0000000711800000|  0%| F|  |TAMS 0x0000000711600000| PB 0x0000000711600000| Untracked 
| 111|0x0000000711800000, 0x0000000711800000, 0x0000000711a00000|  0%| F|  |TAMS 0x0000000711800000| PB 0x0000000711800000| Untracked 
| 112|0x0000000711a00000, 0x0000000711a00000, 0x0000000711c00000|  0%| F|  |TAMS 0x0000000711a00000| PB 0x0000000711a00000| Untracked 
| 113|0x0000000711c00000, 0x0000000711c00000, 0x0000000711e00000|  0%| F|  |TAMS 0x0000000711c00000| PB 0x0000000711c00000| Untracked 
| 114|0x0000000711e00000, 0x0000000711e00000, 0x0000000712000000|  0%| F|  |TAMS 0x0000000711e00000| PB 0x0000000711e00000| Untracked 
| 115|0x0000000712000000, 0x0000000712000000, 0x0000000712200000|  0%| F|  |TAMS 0x0000000712000000| PB 0x0000000712000000| Untracked 
| 116|0x0000000712200000, 0x0000000712200000, 0x0000000712400000|  0%| F|  |TAMS 0x0000000712200000| PB 0x0000000712200000| Untracked 
| 117|0x0000000712400000, 0x0000000712400000, 0x0000000712600000|  0%| F|  |TAMS 0x0000000712400000| PB 0x0000000712400000| Untracked 
| 118|0x0000000712600000, 0x00000007127527c0, 0x0000000712800000| 66%| E|  |TAMS 0x0000000712600000| PB 0x0000000712600000| Complete 
| 119|0x0000000712800000, 0x0000000712a00000, 0x0000000712a00000|100%| E|CS|TAMS 0x0000000712800000| PB 0x0000000712800000| Complete 
| 120|0x0000000712a00000, 0x0000000712c00000, 0x0000000712c00000|100%| E|CS|TAMS 0x0000000712a00000| PB 0x0000000712a00000| Complete 
| 121|0x0000000712c00000, 0x0000000712e00000, 0x0000000712e00000|100%| E|CS|TAMS 0x0000000712c00000| PB 0x0000000712c00000| Complete 
| 122|0x0000000712e00000, 0x0000000713000000, 0x0000000713000000|100%| E|CS|TAMS 0x0000000712e00000| PB 0x0000000712e00000| Complete 
| 123|0x0000000713000000, 0x0000000713200000, 0x0000000713200000|100%| E|CS|TAMS 0x0000000713000000| PB 0x0000000713000000| Complete 
| 124|0x0000000713200000, 0x0000000713400000, 0x0000000713400000|100%| E|  |TAMS 0x0000000713200000| PB 0x0000000713200000| Complete 
| 125|0x0000000713400000, 0x0000000713600000, 0x0000000713600000|100%| E|CS|TAMS 0x0000000713400000| PB 0x0000000713400000| Complete 
| 126|0x0000000713600000, 0x0000000713800000, 0x0000000713800000|100%| E|CS|TAMS 0x0000000713600000| PB 0x0000000713600000| Complete 

Card table byte_map: [0x00000281c89b0000,0x00000281c91a0000] _byte_map_base: 0x00000281c5193000

Marking Bits: (CMBitMap*) 0x00000281bacc8140
 Bits: [0x00000281c91a0000, 0x00000281cd0b8000)

Polling page: 0x00000281bad30000

Metaspace:

Usage:
  Non-class:      3.63 MB used.
      Class:    495.46 KB used.
       Both:      4.11 MB used.

Virtual space:
  Non-class space:       64.00 MB reserved,       3.69 MB (  6%) committed,  1 nodes.
      Class space:        1.00 GB reserved,     576.00 KB ( <1%) committed,  1 nodes.
             Both:        1.06 GB reserved,       4.25 MB ( <1%) committed. 

Chunk freelists:
   Non-Class:  11.89 MB
       Class:  15.25 MB
        Both:  27.14 MB

MaxMetaspaceSize: unlimited
CompressedClassSpaceSize: 1.00 GB
Initial GC threshold: 21.00 MB
Current GC threshold: 21.00 MB
CDS: on
 - commit_granule_bytes: 65536.
 - commit_granule_words: 8192.
 - virtual_space_node_default_size: 8388608.
 - enlarge_chunks_in_place: 1.
 - use_allocation_guard: 0.


Internal statistics:

num_allocs_failed_limit: 0.
num_arena_births: 102.
num_arena_deaths: 0.
num_vsnodes_births: 2.
num_vsnodes_deaths: 0.
num_space_committed: 68.
num_space_uncommitted: 0.
num_chunks_returned_to_freelist: 0.
num_chunks_taken_from_freelist: 111.
num_chunk_merges: 0.
num_chunk_splits: 79.
num_chunks_enlarged: 47.
num_inconsistent_stats: 0.

CodeCache: size=49152Kb used=4458Kb max_used=4458Kb free=44693Kb
 bounds [0x00000281c48e0000, 0x00000281c4d40000, 0x00000281c78e0000]
 total_blobs=1460 nmethods=1013 adapters=369
 compilation: enabled
              stopped_count=0, restarted_count=0
 full_count=0

Compilation events (20 events):
Event: 0.545 Thread 0x00000281cfb83460 nmethod 1001 0x00000281c4d35890 code [0x00000281c4d35a40, 0x00000281c4d35b68]
Event: 0.545 Thread 0x00000281cfb83460 1004       1       java.lang.String::encodeUTF8 (142 bytes)
Event: 0.545 Thread 0x00000282150ab990 nmethod 1002 0x00000281c4d35c10 code [0x00000281c4d35da0, 0x00000281c4d35e50]
Event: 0.546 Thread 0x00000282155ddd70 nmethod 1003 0x00000281c4d35f10 code [0x00000281c4d36100, 0x00000281c4d362f8]
Event: 0.546 Thread 0x00000282155ddd70 1005       1       sun.nio.fs.WindowsPathParser::parse (504 bytes)
Event: 0.546 Thread 0x00000282150ab990 1006       1       sun.nio.fs.WindowsPathParser$Result::<init> (20 bytes)
Event: 0.546 Thread 0x00000282150ab990 nmethod 1006 0x00000281c4d36410 code [0x00000281c4d365c0, 0x00000281c4d367b0]
Event: 0.546 Thread 0x00000282150ab990 1007       1       sun.nio.fs.WindowsPathParser::isLetter (30 bytes)
Event: 0.546 Thread 0x00000282155d96b0 nmethod 998 0x00000281c4d36810 code [0x00000281c4d36a20, 0x00000281c4d36ff8]
Event: 0.546 Thread 0x00000282155d96b0 1008       1       sun.nio.fs.WindowsFileAttributes::isReparsePoint (14 bytes)
Event: 0.546 Thread 0x00000281cfb83460 nmethod 1004 0x00000281c4d37290 code [0x00000281c4d374a0, 0x00000281c4d37a10]
Event: 0.546 Thread 0x00000282150ab990 nmethod 1007 0x00000281c4d37c90 code [0x00000281c4d37e20, 0x00000281c4d37f08]
Event: 0.546 Thread 0x00000281cfb83460 1009       1       sun.nio.fs.WindowsFileAttributes::<init> (57 bytes)
Event: 0.546 Thread 0x00000282150ab990 1010       1       sun.security.provider.SHA::implCompress (13 bytes)
Event: 0.546 Thread 0x00000282155d96b0 nmethod 1008 0x00000281c4d37f90 code [0x00000281c4d38120, 0x00000281c4d381e0]
Event: 0.546 Thread 0x00000282155d96b0 1011       1       sun.security.provider.SHA::implCompressCheck (18 bytes)
Event: 0.546 Thread 0x00000281cfb83460 nmethod 1009 0x00000281c4d38290 code [0x00000281c4d38420, 0x00000281c4d38518]
Event: 0.546 Thread 0x00000281cfb83460 1012       1       sun.security.provider.ByteArrayAccess::b2iBig64 (231 bytes)
Event: 0.546 Thread 0x00000282155d96b0 nmethod 1011 0x00000281c4d38590 code [0x00000281c4d38740, 0x00000281c4d38910]
Event: 0.546 Thread 0x00000282150ab990 nmethod 1010 0x00000281c4d38a90 code [0x00000281c4d38c60, 0x00000281c4d38e70]

GC Heap History (0 events):
No events

Dll operation events (11 events):
Event: 0.011 Loaded shared library C:\Program Files\Java\jdk-21\bin\java.dll
Event: 0.117 Loaded shared library C:\Program Files\Java\jdk-21\bin\zip.dll
Event: 0.120 Loaded shared library C:\Program Files\Java\jdk-21\bin\instrument.dll
Event: 0.124 Loaded shared library C:\Program Files\Java\jdk-21\bin\net.dll
Event: 0.126 Loaded shared library C:\Program Files\Java\jdk-21\bin\nio.dll
Event: 0.129 Loaded shared library C:\Program Files\Java\jdk-21\bin\zip.dll
Event: 0.325 Loaded shared library D:\IntelliJ IDEA 2024.1.7\bin\breakgen64.dll
Event: 0.330 Loaded shared library C:\Program Files\Java\jdk-21\bin\jimage.dll
Event: 0.333 Loaded shared library C:\Program Files\Java\jdk-21\bin\extnet.dll
Event: 0.349 Loaded shared library C:\Program Files\Java\jdk-21\bin\management.dll
Event: 0.361 Loaded shared library C:\Program Files\Java\jdk-21\bin\management_ext.dll

Deoptimization events (0 events):
No events

Classes loaded (20 events):
Event: 0.538 Loading class sun/security/util/MessageDigestSpi2 done
Event: 0.538 Loading class java/security/MessageDigest$Delegate done
Event: 0.538 Loading class java/security/MessageDigest$Delegate$CloneableDelegate
Event: 0.538 Loading class java/security/MessageDigest$Delegate$CloneableDelegate done
Event: 0.538 Loading class sun/security/provider/SeedGenerator$ThreadedSeedGenerator$1
Event: 0.538 Loading class sun/security/provider/SeedGenerator$ThreadedSeedGenerator$1 done
Event: 0.538 Loading class sun/security/provider/SeedGenerator$1
Event: 0.538 Loading class sun/security/provider/SeedGenerator$1 done
Event: 0.538 Loading class sun/security/provider/SeedGenerator$ThreadedSeedGenerator$BogusThread
Event: 0.538 Loading class sun/security/provider/SeedGenerator$ThreadedSeedGenerator$BogusThread done
Event: 0.538 Loading class sun/security/provider/ByteArrayAccess
Event: 0.538 Loading class sun/security/provider/ByteArrayAccess done
Event: 0.538 Loading class sun/security/provider/ByteArrayAccess$BE
Event: 0.539 Loading class sun/security/provider/ByteArrayAccess$BE done
Event: 0.539 Loading class jdk/internal/event/ThreadSleepEvent
Event: 0.539 Loading class jdk/internal/event/ThreadSleepEvent done
Event: 0.543 Loading class java/net/NetworkInterface$1
Event: 0.543 Loading class java/net/NetworkInterface$1 done
Event: 0.543 Loading class java/nio/file/Files$AcceptAllFilter
Event: 0.543 Loading class java/nio/file/Files$AcceptAllFilter done

Classes unloaded (0 events):
No events

Classes redefined (0 events):
No events

Internal exceptions (9 events):
Event: 0.189 Thread 0x00000281bac5f3f0 Exception <a 'java/lang/NoSuchMethodError'{0x0000000712f704f8}: 'void java.lang.invoke.DirectMethodHandle$Holder.invokeStatic(java.lang.Object, java.lang.Object, java.lang.Object)'> (0x0000000712f704f8) 
thrown [s\open\src\hotspot\share\interpreter\linkResolver.cpp, line 773]
Event: 0.193 Thread 0x00000281bac5f3f0 Exception <a 'java/lang/NoSuchMethodError'{0x0000000712f87a00}: 'java.lang.Object java.lang.invoke.Invokers$Holder.invokeExact_MT(java.lang.Object, java.lang.Object, java.lang.Object, java.lang.Object, java.lang.Object)'> (0x0000000712f87a00) 
thrown [s\open\src\hotspot\share\interpreter\linkResolver.cpp, line 773]
Event: 0.334 Thread 0x000002821550ac30 Exception <a 'java/lang/NoSuchMethodError'{0x0000000712fe4188}: 'void java.lang.invoke.DirectMethodHandle$Holder.invokeStatic(java.lang.Object, java.lang.Object)'> (0x0000000712fe4188) 
thrown [s\open\src\hotspot\share\interpreter\linkResolver.cpp, line 773]
Event: 0.365 Thread 0x00000281bac5f3f0 Exception <a 'java/lang/NoSuchMethodError'{0x0000000712fcd1d0}: 'int java.lang.invoke.DirectMethodHandle$Holder.invokeInterface(java.lang.Object, java.lang.Object)'> (0x0000000712fcd1d0) 
thrown [s\open\src\hotspot\share\interpreter\linkResolver.cpp, line 773]
Event: 0.365 Thread 0x00000281bac5f3f0 Exception <a 'java/lang/IncompatibleClassChangeError'{0x0000000712fd04e8}: Found class java.lang.Object, but interface was expected> (0x0000000712fd04e8) 
thrown [s\open\src\hotspot\share\interpreter\linkResolver.cpp, line 840]
Event: 0.409 Thread 0x00000281bac5f3f0 Exception <a 'java/lang/NoSuchMethodError'{0x0000000712cbbe18}: 'int java.lang.invoke.DirectMethodHandle$Holder.invokeSpecial(java.lang.Object, java.lang.Object, java.lang.Object)'> (0x0000000712cbbe18) 
thrown [s\open\src\hotspot\share\interpreter\linkResolver.cpp, line 773]
Event: 0.442 Thread 0x00000281bac5f3f0 Exception <a 'java/lang/NoSuchMethodError'{0x0000000712a025e0}: 'java.lang.Object java.lang.invoke.DirectMethodHandle$Holder.invokeStaticInit(java.lang.Object, java.lang.Object, java.lang.Object)'> (0x0000000712a025e0) 
thrown [s\open\src\hotspot\share\interpreter\linkResolver.cpp, line 773]
Event: 0.496 Thread 0x00000281bac5f3f0 Exception <a 'java/lang/NoSuchMethodError'{0x0000000712996898}: 'int java.lang.invoke.DirectMethodHandle$Holder.invokeSpecialIFC(java.lang.Object, java.lang.Object, java.lang.Object)'> (0x0000000712996898) 
thrown [s\open\src\hotspot\share\interpreter\linkResolver.cpp, line 773]
Event: 0.534 Thread 0x00000281bac5f3f0 Exception <a 'java/lang/NoSuchMethodError'{0x00000007126084a8}: 'java.lang.Object java.lang.invoke.DirectMethodHandle$Holder.invokeStaticInit(java.lang.Object, int, int, int, int)'> (0x00000007126084a8) 
thrown [s\open\src\hotspot\share\interpreter\linkResolver.cpp, line 773]

ZGC Phase Switch (0 events):
No events

VM Operations (8 events):
Event: 0.106 Executing VM operation: HandshakeAllThreads (Deoptimize)
Event: 0.106 Executing VM operation: HandshakeAllThreads (Deoptimize) done
Event: 0.328 Executing VM operation: HandshakeAllThreads (Deoptimize)
Event: 0.328 Executing VM operation: HandshakeAllThreads (Deoptimize) done
Event: 0.369 Executing VM operation: HandshakeAllThreads (Deoptimize)
Event: 0.369 Executing VM operation: HandshakeAllThreads (Deoptimize) done
Event: 0.506 Executing VM operation: HandshakeAllThreads (Deoptimize)
Event: 0.506 Executing VM operation: HandshakeAllThreads (Deoptimize) done

Events (16 events):
Event: 0.027 Thread 0x00000281bac5f3f0 Thread added: 0x00000281bac5f3f0
Event: 0.043 Thread 0x00000281cfb6ff70 Thread added: 0x00000281cfb6ff70
Event: 0.044 Thread 0x00000281cfb72e50 Thread added: 0x00000281cfb72e50
Event: 0.044 Thread 0x00000281cfb7ab00 Thread added: 0x00000281cfb7ab00
Event: 0.044 Thread 0x00000281cfb7b710 Thread added: 0x00000281cfb7b710
Event: 0.044 Thread 0x00000281cfb7c170 Thread added: 0x00000281cfb7c170
Event: 0.044 Thread 0x00000281cfb7cd80 Thread added: 0x00000281cfb7cd80
Event: 0.044 Thread 0x00000281cfb83460 Thread added: 0x00000281cfb83460
Event: 0.098 Thread 0x00000282150a8670 Thread added: 0x00000282150a8670
Event: 0.106 Thread 0x00000282150ab990 Thread added: 0x00000282150ab990
Event: 0.326 Thread 0x000002821550ac30 Thread added: 0x000002821550ac30
Event: 0.326 Thread 0x000002821550e9a0 Thread added: 0x000002821550e9a0
Event: 0.468 Thread 0x00000282155d96b0 Thread added: 0x00000282155d96b0
Event: 0.468 Thread 0x00000282155ddd70 Thread added: 0x00000282155ddd70
Event: 0.538 Thread 0x00000282156108f0 Thread added: 0x00000282156108f0
Event: 0.538 Thread 0x00000282156117f0 Thread added: 0x00000282156117f0


Dynamic libraries:
0x00007ff7e98d0000 - 0x00007ff7e98e0000 	C:\Program Files\Java\jdk-21\bin\java.exe
0x00007fff0eab0000 - 0x00007fff0eca6000 	C:\Windows\SYSTEM32\ntdll.dll
0x00007fff0cb20000 - 0x00007fff0cbdd000 	C:\Windows\System32\KERNEL32.DLL
0x00007fff0c6b0000 - 0x00007fff0c978000 	C:\Windows\System32\KERNELBASE.dll
0x00007fff0ca20000 - 0x00007fff0cb20000 	C:\Windows\System32\ucrtbase.dll
0x00007ffef8680000 - 0x00007ffef869b000 	C:\Program Files\Java\jdk-21\bin\VCRUNTIME140.dll
0x00007fff03cf0000 - 0x00007fff03d09000 	C:\Program Files\Java\jdk-21\bin\jli.dll
0x00007fff0e330000 - 0x00007fff0e3da000 	C:\Windows\System32\ADVAPI32.dll
0x00007fff0e580000 - 0x00007fff0e61e000 	C:\Windows\System32\msvcrt.dll
0x00007fff0e770000 - 0x00007fff0e80b000 	C:\Windows\System32\sechost.dll
0x00007fff0e450000 - 0x00007fff0e574000 	C:\Windows\System32\RPCRT4.dll
0x00007fff0e030000 - 0x00007fff0e1d0000 	C:\Windows\System32\USER32.dll
0x00007ffefa200000 - 0x00007ffefa49b000 	C:\Windows\WinSxS\amd64_microsoft.windows.common-controls_6595b64144ccf1df_6.0.19041.488_none_ca04af081b815d21\COMCTL32.dll
0x00007fff0c3e0000 - 0x00007fff0c402000 	C:\Windows\System32\win32u.dll
0x00007fff0e680000 - 0x00007fff0e6aa000 	C:\Windows\System32\GDI32.dll
0x00007fff0c4f0000 - 0x00007fff0c5f9000 	C:\Windows\System32\gdi32full.dll
0x00007fff0c980000 - 0x00007fff0ca1d000 	C:\Windows\System32\msvcp_win.dll
0x00007fff04bc0000 - 0x00007fff04bca000 	C:\Windows\SYSTEM32\VERSION.dll
0x00007fff0e1d0000 - 0x00007fff0e200000 	C:\Windows\System32\IMM32.DLL
0x00007ffef9760000 - 0x00007ffef976c000 	C:\Program Files\Java\jdk-21\bin\vcruntime140_1.dll
0x00007ffef84f0000 - 0x00007ffef857e000 	C:\Program Files\Java\jdk-21\bin\msvcp140.dll
0x00007ffe61200000 - 0x00007ffe61f17000 	C:\Program Files\Java\jdk-21\bin\server\jvm.dll
0x00007fff0ea00000 - 0x00007fff0ea6b000 	C:\Windows\System32\WS2_32.dll
0x00007fff0c060000 - 0x00007fff0c0ab000 	C:\Windows\SYSTEM32\POWRPROF.dll
0x00007ffee8b50000 - 0x00007ffee8b77000 	C:\Windows\SYSTEM32\WINMM.dll
0x00007fff0c040000 - 0x00007fff0c052000 	C:\Windows\SYSTEM32\UMPDC.dll
0x00007fff0aae0000 - 0x00007fff0aaf2000 	C:\Windows\SYSTEM32\kernel.appcore.dll
0x00007ffef95d0000 - 0x00007ffef95da000 	C:\Program Files\Java\jdk-21\bin\jimage.dll
0x00007fff0a030000 - 0x00007fff0a214000 	C:\Windows\SYSTEM32\DBGHELP.DLL
0x00007ffef1d80000 - 0x00007ffef1dac000 	C:\Windows\SYSTEM32\dbgcore.DLL
0x00007fff0c360000 - 0x00007fff0c3df000 	C:\Windows\System32\bcryptPrimitives.dll
0x00007ffef9530000 - 0x00007ffef953f000 	C:\Program Files\Java\jdk-21\bin\instrument.dll
0x00007ffef8660000 - 0x00007ffef867f000 	C:\Program Files\Java\jdk-21\bin\java.dll
0x00007fff0d0f0000 - 0x00007fff0d830000 	C:\Windows\System32\SHELL32.dll
0x00007fff0a220000 - 0x00007fff0a9b4000 	C:\Windows\SYSTEM32\windows.storage.dll
0x00007fff0ccb0000 - 0x00007fff0d005000 	C:\Windows\System32\combase.dll
0x00007fff0bba0000 - 0x00007fff0bbcc000 	C:\Windows\SYSTEM32\Wldp.dll
0x00007fff0e6c0000 - 0x00007fff0e76e000 	C:\Windows\System32\SHCORE.dll
0x00007fff0e3f0000 - 0x00007fff0e445000 	C:\Windows\System32\shlwapi.dll
0x00007fff0c130000 - 0x00007fff0c156000 	C:\Windows\SYSTEM32\profapi.dll
0x00007ffef84b0000 - 0x00007ffef84c8000 	C:\Program Files\Java\jdk-21\bin\zip.dll
0x00007ffef9570000 - 0x00007ffef9580000 	C:\Program Files\Java\jdk-21\bin\net.dll
0x00007ffefb2b0000 - 0x00007ffefb3b0000 	C:\Windows\SYSTEM32\WINHTTP.dll
0x00007fff0b920000 - 0x00007fff0b98a000 	C:\Windows\system32\mswsock.dll
0x00007ffef84d0000 - 0x00007ffef84e6000 	C:\Program Files\Java\jdk-21\bin\nio.dll
0x00007ffef6b10000 - 0x00007ffef6b2a000 	D:\IntelliJ IDEA 2024.1.7\bin\breakgen64.dll
0x00007ffef8130000 - 0x00007ffef8139000 	C:\Program Files\Java\jdk-21\bin\extnet.dll
0x00007fff0b650000 - 0x00007fff0b71b000 	C:\Windows\SYSTEM32\DNSAPI.dll
0x00007fff0b610000 - 0x00007fff0b64b000 	C:\Windows\SYSTEM32\IPHLPAPI.DLL
0x00007fff0e810000 - 0x00007fff0e819000 	C:\Windows\System32\NSI.dll
0x0000000053e00000 - 0x0000000053e26000 	C:\Program Files\Bonjour\mdnsNSP.dll
0x00007fff02860000 - 0x00007fff0286a000 	C:\Windows\System32\rasadhlp.dll
0x00007ffef8b10000 - 0x00007ffef8b8f000 	C:\Windows\System32\fwpuclnt.dll
0x00007fff0c460000 - 0x00007fff0c487000 	C:\Windows\System32\bcrypt.dll
0x00007ffef8ab0000 - 0x00007ffef8aba000 	C:\Program Files\Java\jdk-21\bin\management.dll
0x00007ffef8910000 - 0x00007ffef891b000 	C:\Program Files\Java\jdk-21\bin\management_ext.dll
0x00007fff0e6b0000 - 0x00007fff0e6b8000 	C:\Windows\System32\PSAPI.DLL
0x00007fff0baf0000 - 0x00007fff0bb08000 	C:\Windows\SYSTEM32\CRYPTSP.dll
0x00007fff0b2b0000 - 0x00007fff0b2e4000 	C:\Windows\system32\rsaenh.dll
0x00007fff0c0f0000 - 0x00007fff0c11e000 	C:\Windows\SYSTEM32\USERENV.dll

dbghelp: loaded successfully - version: 4.0.5 - missing functions: none
symbol engine: initialized successfully - sym options: 0x614 - pdb path: .;C:\Program Files\Java\jdk-21\bin;C:\Windows\SYSTEM32;C:\Windows\WinSxS\amd64_microsoft.windows.common-controls_6595b64144ccf1df_6.0.19041.488_none_ca04af081b815d21;C:\Program Files\Java\jdk-21\bin\server;D:\IntelliJ IDEA 2024.1.7\bin;C:\Program Files\Bonjour

VM Arguments:
jvm_args: -XX:TieredStopAtLevel=1 -Dspring.output.ansi.enabled=always -Dcom.sun.management.jmxremote -Dspring.jmx.enabled=true -Dspring.liveBeansView.mbeanDomain -Dspring.application.admin.enabled=true -Dmanagement.endpoints.jmx.exposure.include=* -javaagent:D:\IntelliJ IDEA 2024.1.7\lib\idea_rt.jar=61769:D:\IntelliJ IDEA 2024.1.7\bin -Dfile.encoding=UTF-8 -Dsun.stdout.encoding=UTF-8 -Dsun.stderr.encoding=UTF-8 
java_command: org.example.ecommerceproject.EcommerceProjectApplication
java_class_path (initial): G:\DuAn\EcommerceProject\target\classes;C:\Users\Windows\.m2\repository\org\springframework\boot\spring-boot-starter-data-jpa\3.4.2\spring-boot-starter-data-jpa-3.4.2.jar;C:\Users\Windows\.m2\repository\org\springframework\boot\spring-boot-starter\3.4.2\spring-boot-starter-3.4.2.jar;C:\Users\Windows\.m2\repository\org\springframework\boot\spring-boot-starter-logging\3.4.2\spring-boot-starter-logging-3.4.2.jar;C:\Users\Windows\.m2\repository\ch\qos\logback\logback-classic\1.5.16\logback-classic-1.5.16.jar;C:\Users\Windows\.m2\repository\ch\qos\logback\logback-core\1.5.16\logback-core-1.5.16.jar;C:\Users\Windows\.m2\repository\org\apache\logging\log4j\log4j-to-slf4j\2.24.3\log4j-to-slf4j-2.24.3.jar;C:\Users\Windows\.m2\repository\org\apache\logging\log4j\log4j-api\2.24.3\log4j-api-2.24.3.jar;C:\Users\Windows\.m2\repository\org\slf4j\jul-to-slf4j\2.0.16\jul-to-slf4j-2.0.16.jar;C:\Users\Windows\.m2\repository\jakarta\annotation\jakarta.annotation-api\2.1.1\jakarta.annotation-api-2.1.1.jar;C:\Users\Windows\.m2\repository\org\yaml\snakeyaml\2.3\snakeyaml-2.3.jar;C:\Users\Windows\.m2\repository\org\springframework\boot\spring-boot-starter-jdbc\3.4.2\spring-boot-starter-jdbc-3.4.2.jar;C:\Users\Windows\.m2\repository\com\zaxxer\HikariCP\5.1.0\HikariCP-5.1.0.jar;C:\Users\Windows\.m2\repository\org\springframework\spring-jdbc\6.2.2\spring-jdbc-6.2.2.jar;C:\Users\Windows\.m2\repository\org\hibernate\orm\hibernate-core\6.6.5.Final\hibernate-core-6.6.5.Final.jar;C:\Users\Windows\.m2\repository\jakarta\persistence\jakarta.persistence-api\3.1.0\jakarta.persistence-api-3.1.0.jar;C:\Users\Windows\.m2\repository\jakarta\transaction\jakarta.transaction-api\2.0.1\jakarta.transaction-api-2.0.1.jar;C:\Users\Windows\.m2\repository\org\jboss\logging\jboss-logging\3.6.1.Final\jboss-logging-3.6.1.Final.jar;C:\Users\Windows\.m2\repository\org\hibernate\common\hibernate-commons-annotations\7.0.3.Final\hibernate-commons-annotations-7.0.3.Final.jar;C:\Users\Windows\.m2\repository\io\smallrye\jandex\3.2.0\jandex-3.2.0.jar;C:\Users\Windows\.m2\repository\com\fasterxml\classmate\1.7.0\classmate-1.7.0.jar;C:\Users\Windows\.m2\repository\net\bytebuddy\byte-buddy\1.15.11\byte-buddy-1.15.11.jar;C:\Users\Windows\.m2\repository\org\glassfish\jaxb\jaxb-runtime\4.0.5\jaxb-runtime-4.0.5.jar;C:\Users\Windows\.m2\repository\org\glassfish\jaxb\jaxb-core\4.0.5\jaxb-core-4.0.5.jar;C:\Users\Windows\.m2\repository\org\eclipse\angus\angus-activation\2.0.2\angus-activation-2.0.2.jar;C:\Users\Windows\.m2\repository\org\glassfish\jaxb\txw2\4.0.5\txw2-4.0.5.jar;C:\Users\Windows\.m2\repository\com\sun\istack\istack-commons-runtime\4.1.2\istack-commons-runtime-4.1.2.jar;C:\Users\Windows\.m2\repository\jakarta\inject\jakarta.inject-api\2.0.1\jakarta.inject-api-2.0.1.jar;C:\Users\Windows\.m2\repository\org\antlr\antlr4-runtime\4.13.0\antlr4-runtime-4.13.0.jar;C:\Users\Windows\.m2\repository\org\springframework\data\spring-data-jpa\3.4.2\spring-data-jpa-3.4.2.jar;C:\Users\Windows\.m2\repository\org\springframework\data\spring-data-commons\3.4.2\spring-data-commons-3.4.2.jar;C:\Users\Windows\.m2\repository\org\springframework\spring-orm\6.2.2\spring-orm-6.2.2.jar;C:\Users\Windows\.m2\repository\org\springframework\spring-context\6.2.2\spring-context-6.2.2.jar;C:\Users\Windows\.m2\repository\org\springframework\spring-tx\6.2.2\spring-tx-6.2.2.jar;C:\Users\Windows\.m2\repository\org\springframework\spring-beans\6.2.2\spring-beans-6.2.2.jar;C:\Users\Windows\.m2\repository\org\springframework\spring-aspects\6.2.2\spring-aspects-6.2.2.jar;C:\Users\Windows\.m2\repository\org\aspectj\aspectjweaver\1.9.22.1\aspectjweaver-1.9.22.1.jar;C:\Users\Windows\.m2\repository\org\springframework\boot\spring-boot-starter-security\3.4.2\spring-boot-starter-security-3.4.2.jar;C:\Users\Windows\.m2\repository\org\springframework\spring-aop\6.2.2\spring-aop-6.2.2.jar;C:\Users\Windows\.m2\repository\org\springframework\security\spring-security-config\6.4.2\spring-security-config-6.4.2.jar;C:\Users\Windows\.m2\repository\org\springframework\security\spring-security-web\6.4.2\spring-security-web-6.4.2.jar;C:\Users\Windows\.m2\repository\org\springframework\spring-expression\6.2.2\spring-expression-6.2.2.jar;C:\Users\Windows\.m2\repository\org\springframework\boot\spring-boot-starter-thymeleaf\3.4.2\spring-boot-starter-thymeleaf-3.4.2.jar;C:\Users\Windows\.m2\repository\org\thymeleaf\thymeleaf-spring6\3.1.3.RELEASE\thymeleaf-spring6-3.1.3.RELEASE.jar;C:\Users\Windows\.m2\repository\org\thymeleaf\thymeleaf\3.1.3.RELEASE\thymeleaf-3.1.3.RELEASE.jar;C:\Users\Windows\.m2\repository\org\attoparser\attoparser\2.0.7.RELEASE\attoparser-2.0.7.RELEASE.jar;C:\Users\Windows\.m2\repository\org\unbescape\unbescape\1.1.6.RELEASE\unbescape-1.1.6.RELEASE.jar;C:\Users\Windows\.m2\repository\org\springframework\boot\spring-boot-starter-web\3.4.2\spring-boot-starter-web-3.4.2.jar;C:\Users\Windows\.m2\repository\org\springframework\boot\spring-boot-starter-json\3.4.2\spring-boot-starter-json-3.4.2.jar;C:\Users\Windows\.m2\repository\com\fasterxml\jackson\core\jackson-databind\2.18.2\jackson-databind-2.18.2.jar;C:\Users\Windows\.m2\repository\com\fasterxml\jackson\core\jackson-annotations\2.18.2\jackson-annotations-2.18.2.jar;C:\Users\Windows\.m2\repository\com\fasterxml\jackson\core\jackson-core\2.18.2\jackson-core-2.18.2.jar;C:\Users\Windows\.m2\repository\com\fasterxml\jackson\datatype\jackson-datatype-jdk8\2.18.2\jackson-datatype-jdk8-2.18.2.jar;C:\Users\Windows\.m2\repository\com\fasterxml\jackson\datatype\jackson-datatype-jsr310\2.18.2\jackson-datatype-jsr310-2.18.2.jar;C:\Users\Windows\.m2\repository\com\fasterxml\jackson\module\jackson-module-parameter-names\2.18.2\jackson-module-parameter-names-2.18.2.jar;C:\Users\Windows\.m2\repository\org\springframework\boot\spring-boot-starter-tomcat\3.4.2\spring-boot-starter-tomcat-3.4.2.jar;C:\Users\Windows\.m2\repository\org\apache\tomcat\embed\tomcat-embed-core\10.1.34\tomcat-embed-core-10.1.34.jar;C:\Users\Windows\.m2\repository\org\apache\tomcat\embed\tomcat-embed-el\10.1.34\tomcat-embed-el-10.1.34.jar;C:\Users\Windows\.m2\repository\org\apache\tomcat\embed\tomcat-embed-websocket\10.1.34\tomcat-embed-websocket-10.1.34.jar;C:\Users\Windows\.m2\repository\org\springframework\spring-web\6.2.2\spring-web-6.2.2.jar;C:\Users\Windows\.m2\repository\io\micrometer\micrometer-observation\1.14.3\micrometer-observation-1.14.3.jar;C:\Users\Windows\.m2\repository\io\micrometer\micrometer-commons\1.14.3\micrometer-commons-1.14.3.jar;C:\Users\Windows\.m2\repository\org\springframework\spring-webmvc\6.2.2\spring-webmvc-6.2.2.jar;C:\Users\Windows\.m2\repository\org\thymeleaf\extras\thymeleaf-extras-springsecurity6\3.1.3.RELEASE\thymeleaf-extras-springsecurity6-3.1.3.RELEASE.jar;C:\Users\Windows\.m2\repository\org\slf4j\slf4j-api\2.0.16\slf4j-api-2.0.16.jar;C:\Users\Windows\.m2\repository\org\springframework\boot\spring-boot-devtools\3.4.2\spring-boot-devtools-3.4.2.jar;C:\Users\Windows\.m2\repository\org\springframework\boot\spring-boot\3.4.2\spring-boot-3.4.2.jar;C:\Users\Windows\.m2\repository\org\springframework\boot\spring-boot-autoconfigure\3.4.2\spring-boot-autoconfigure-3.4.2.jar;C:\Users\Windows\.m2\repository\com\h2database\h2\2.3.232\h2-2.3.232.jar;C:\Users\Windows\.m2\repository\com\mysql\mysql-connector-j\9.1.0\mysql-connector-j-9.1.0.jar;C:\Users\Windows\.m2\repository\org\projectlombok\lombok\1.18.30\lombok-1.18.30.jar;C:\Users\Windows\.m2\repository\jakarta\xml\bind\jakarta.xml.bind-api\4.0.2\jakarta.xml.bind-api-4.0.2.jar;C:\Users\Windows\.m2\repository\jakarta\activation\jakarta.activation-api\2.1.3\jakarta.activation-api-2.1.3.jar;C:\Users\Windows\.m2\repository\org\springframework\spring-core\6.2.2\spring-core-6.2.2.jar;C:\Users\Windows\.m2\repository\org\springframework\spring-jcl\6.2.2\spring-jcl-6.2.2.jar;C:\Users\Windows\.m2\repository\org\springframework\security\spring-security-core\6.4.2\spring-security-core-6.4.2.jar;C:\Users\Windows\.m2\repository\org\springframework\security\spring-security-crypto\6.4.2\spring-security-crypto-6.4.2.jar
Launcher Type: SUN_STANDARD

[Global flags]
     intx CICompilerCount                          = 4                                         {product} {ergonomic}
     uint ConcGCThreads                            = 2                                         {product} {ergonomic}
     uint G1ConcRefinementThreads                  = 8                                         {product} {ergonomic}
   size_t G1HeapRegionSize                         = 2097152                                   {product} {ergonomic}
    uintx GCDrainStackTargetSize                   = 64                                        {product} {ergonomic}
   size_t InitialHeapSize                          = 266338304                                 {product} {ergonomic}
     bool ManagementServer                         = true                                      {product} {command line}
   size_t MarkStackSize                            = 4194304                                   {product} {ergonomic}
   size_t MaxHeapSize                              = 4234149888                                {product} {ergonomic}
   size_t MaxNewSize                               = 2539651072                                {product} {ergonomic}
   size_t MinHeapDeltaBytes                        = 2097152                                   {product} {ergonomic}
   size_t MinHeapSize                              = 8388608                                   {product} {ergonomic}
    uintx NonNMethodCodeHeapSize                   = 4096                                   {pd product} {ergonomic}
    uintx NonProfiledCodeHeapSize                  = 0                                      {pd product} {ergonomic}
     bool ProfileInterpreter                       = false                                  {pd product} {command line}
    uintx ProfiledCodeHeapSize                     = 0                                      {pd product} {ergonomic}
   size_t SoftMaxHeapSize                          = 4234149888                             {manageable} {ergonomic}
     intx TieredStopAtLevel                        = 1                                         {product} {command line}
     bool UseCompressedOops                        = true                           {product lp64_product} {ergonomic}
     bool UseG1GC                                  = true                                      {product} {ergonomic}
     bool UseLargePagesIndividualAllocation        = false                                  {pd product} {ergonomic}

Logging:
Log output configuration:
 #0: stdout all=warning uptime,level,tags foldmultilines=false
 #1: stderr all=off uptime,level,tags foldmultilines=false

Environment Variables:
JAVA_HOME=C:\Program Files\Java\jdk-21
PATH=C:\Program Files\Common Files\Oracle\Java\javapath;C:\Windows\system32;C:\Windows;C:\Windows\System32\Wbem;C:\Windows\System32\WindowsPowerShell\v1.0\;C:\Windows\System32\OpenSSH\;C:\Program Files\dotnet\;%JAVA_HOME%\bin;C:\Program Files\Azure Data Studio\bin;C:\Program Files\Microsoft SQL Server\Client SDK\ODBC\130\Tools\Binn\;C:\Program Files (x86)\Microsoft SQL Server\140\Tools\Binn\;C:\Program Files\Microsoft SQL Server\140\Tools\Binn\;C:\Program Files\Microsoft SQL Server\140\DTS\Binn\;C:\Program Files (x86)\Microsoft SQL Server\160\DTS\Binn\;C:\Program Files (x86)\GitExtensions\;C:\Program Files\nodejs\;C:\Program Files\Git\cmd;C:\Program Files\MySQL\MySQL Shell 8.0\bin\;C:\Users\Windows\AppData\Local\Microsoft\WindowsApps;C:\Program Files\Azure Data Studio\bin;I:\IntelliJ IDEA 2020.3.4\bin;;C:\Users\Windows\AppData\Roaming\npm;D:\Microsoft VS Code\bin
USERNAME=Windows
OS=Windows_NT
PROCESSOR_IDENTIFIER=Intel64 Family 6 Model 126 Stepping 5, GenuineIntel
TMP=C:\Users\Windows\AppData\Local\Temp
TEMP=C:\Users\Windows\AppData\Local\Temp




Periodic native trim disabled

---------------  S Y S T E M  ---------------

OS:
 Windows 10 , 64 bit Build 19041 (10.0.19041.546)
OS uptime: 1 days 13:43 hours

CPU: total 8 (initial active 8) (4 cores per cpu, 2 threads per core) family 6 model 126 stepping 5 microcode 0xb8, cx8, cmov, fxsr, ht, mmx, 3dnowpref, sse, sse2, sse3, ssse3, sse4.1, sse4.2, popcnt, lzcnt, tsc, tscinvbit, avx, avx2, aes, erms, clmul, bmi1, bmi2, adx, avx512f, avx512dq, avx512cd, avx512bw, avx512vl, sha, fma, vzeroupper, avx512_vpopcntdq, avx512_vpclmulqdq, avx512_vaes, avx512_vnni, clflush, clflushopt, avx512_vbmi2, avx512_vbmi, rdtscp, rdpid, fsrm, gfni, avx512_bitalg, f16c, pku, avx512_ifma
Processor Information for all 8 processors :
  Max Mhz: 1190, Current Mhz: 991, Mhz Limit: 987

Memory: 4k page, system-wide physical 16151M (2541M free)
TotalPageFile size 19901M (AvailPageFile size 334M)
current process WorkingSet (physical memory assigned to process): 58M, peak: 58M
current process commit charge ("private bytes"): 344M, peak: 344M

vm_info: Java HotSpot(TM) 64-Bit Server VM (21.0.2+13-LTS-58) for windows-amd64 JRE (21.0.2+13-LTS-58), built on 2024-01-05T18:32:24Z by "mach5one" with MS VC++ 17.1 (VS2022)

END.
